Building DAG of jobs...
Using shell: /bin/bash
Provided cores: 4
Rules claiming more threads will be scaled down.
Job stats:
job                      count
---------------------  -------
MEME                         1
PRIME                        1
all                          1
cln                          1
get_codons                   1
iqtree                       1
macse                        1
remove_duplicates_msa        1
strike_ambigs_msa            1
total                        9

Select jobs to execute...

[Thu May 16 15:17:02 2024]
rule get_codons:
    input: /Volumes/Expansion/MelnickLab/LIPSA-github/data/PrimateMGA/MGA_refseq_transcript.fasta
    output: /Volumes/Expansion/MelnickLab/LIPSA-github/results/PrimateMGA/PrimateMGA
    jobid: 1
    reason: Code has changed since last execution
    resources: tmpdir=/var/folders/wr/4_qy02zs0nd4kq627dc6dwyr0000gq/T

[Thu May 16 15:17:24 2024]
Finished job 1.
1 of 9 steps (11%) done
Select jobs to execute...

[Thu May 16 15:17:24 2024]
rule macse:
    input: /Volumes/Expansion/MelnickLab/LIPSA-github/results/PrimateMGA/PrimateMGA
    output: /Volumes/Expansion/MelnickLab/LIPSA-github/results/PrimateMGA/PrimateMGA.codons.fa, /Volumes/Expansion/MelnickLab/LIPSA-github/results/PrimateMGA/PrimateMGA.aa.fa
    jobid: 2
    reason: Input files updated by another job: /Volumes/Expansion/MelnickLab/LIPSA-github/results/PrimateMGA/PrimateMGA
    wildcards: GENE=PrimateMGA
    resources: tmpdir=/var/folders/wr/4_qy02zs0nd4kq627dc6dwyr0000gq/T

[Thu May 16 15:19:40 2024]
Finished job 2.
2 of 9 steps (22%) done
Select jobs to execute...

[Thu May 16 15:19:40 2024]
rule cln:
    input: /Volumes/Expansion/MelnickLab/LIPSA-github/results/PrimateMGA/PrimateMGA.codons.fa
    output: /Volumes/Expansion/MelnickLab/LIPSA-github/results/PrimateMGA/PrimateMGA.codons.cln.fa
    jobid: 3
    reason: Input files updated by another job: /Volumes/Expansion/MelnickLab/LIPSA-github/results/PrimateMGA/PrimateMGA.codons.fa
    wildcards: GENE=PrimateMGA
    resources: tmpdir=/var/folders/wr/4_qy02zs0nd4kq627dc6dwyr0000gq/T

[Thu May 16 15:19:40 2024]
Error in rule cln:
    jobid: 3
    input: /Volumes/Expansion/MelnickLab/LIPSA-github/results/PrimateMGA/PrimateMGA.codons.fa
    output: /Volumes/Expansion/MelnickLab/LIPSA-github/results/PrimateMGA/PrimateMGA.codons.cln.fa
    shell:
        /Volumes/Expansion/MelnickLab/LIPSA-github/software/hyphy CLN Universal /Volumes/Expansion/MelnickLab/LIPSA-github/results/PrimateMGA/PrimateMGA.codons.fa 'No/No' /Volumes/Expansion/MelnickLab/LIPSA-github/results/PrimateMGA/PrimateMGA.codons.cln.fa
        (one of the commands exited with non-zero exit code; note that snakemake uses bash strict mode!)

Exiting because a job execution failed. Look above for error message
Complete log: .snakemake/log/2024-05-16T151701.125798.snakemake.log
