Building DAG of jobs...
Using shell: /bin/bash
Provided cores: 2
Rules claiming more threads will be scaled down.
Job stats:
job                      count
---------------------  -------
MEME                         1
PRIME                        1
all                          1
cln                          1
get_codons                   1
iqtree                       1
macse                        1
remove_duplicates_msa        1
strike_ambigs_msa            1
total                        9

Select jobs to execute...

[Thu May 16 14:07:25 2024]
rule get_codons:
    input: /Volumes/Expansion/MelnickLab/LIPSA-github/data/MammalianMGA/MGA_refseq_transcript.fasta
    output: /Volumes/Expansion/MelnickLab/LIPSA-github/results/MammalianMGA/MammalianMGA
    jobid: 1
    reason: Missing output files: /Volumes/Expansion/MelnickLab/LIPSA-github/results/MammalianMGA/MammalianMGA
    resources: tmpdir=/var/folders/wr/4_qy02zs0nd4kq627dc6dwyr0000gq/T

[Thu May 16 14:08:37 2024]
Finished job 1.
1 of 9 steps (11%) done
Select jobs to execute...

[Thu May 16 14:08:37 2024]
rule macse:
    input: /Volumes/Expansion/MelnickLab/LIPSA-github/results/MammalianMGA/MammalianMGA
    output: /Volumes/Expansion/MelnickLab/LIPSA-github/results/MammalianMGA/MammalianMGA.codons.fa, /Volumes/Expansion/MelnickLab/LIPSA-github/results/MammalianMGA/MammalianMGA.aa.fa
    jobid: 2
    reason: Missing output files: /Volumes/Expansion/MelnickLab/LIPSA-github/results/MammalianMGA/MammalianMGA.aa.fa, /Volumes/Expansion/MelnickLab/LIPSA-github/results/MammalianMGA/MammalianMGA.codons.fa; Input files updated by another job: /Volumes/Expansion/MelnickLab/LIPSA-github/results/MammalianMGA/MammalianMGA
    wildcards: GENE=MammalianMGA
    resources: tmpdir=/var/folders/wr/4_qy02zs0nd4kq627dc6dwyr0000gq/T

