Building DAG of jobs...
Using shell: /bin/bash
Provided cores: 4
Rules claiming more threads will be scaled down.
Job stats:
job                      count
---------------------  -------
MEME                         1
PRIME                        1
all                          1
cln                          1
iqtree                       1
remove_duplicates_msa        1
strike_ambigs_msa            1
total                        7

Select jobs to execute...

[Thu May 16 15:25:37 2024]
rule cln:
    input: /Volumes/Expansion/MelnickLab/LIPSA-github/results/PrimateMGA/PrimateMGA.codons.fa
    output: /Volumes/Expansion/MelnickLab/LIPSA-github/results/PrimateMGA/PrimateMGA.codons.cln.fa
    jobid: 3
    reason: Missing output files: /Volumes/Expansion/MelnickLab/LIPSA-github/results/PrimateMGA/PrimateMGA.codons.cln.fa
    wildcards: GENE=PrimateMGA
    resources: tmpdir=/var/folders/wr/4_qy02zs0nd4kq627dc6dwyr0000gq/T

[Thu May 16 15:25:37 2024]
Error in rule cln:
    jobid: 3
    input: /Volumes/Expansion/MelnickLab/LIPSA-github/results/PrimateMGA/PrimateMGA.codons.fa
    output: /Volumes/Expansion/MelnickLab/LIPSA-github/results/PrimateMGA/PrimateMGA.codons.cln.fa
    shell:
        /Volumes/Expansion/MelnickLab/LIPSA-github/software/hyphy LIBPATH=/Volumes/Expansion/MelnickLab/LIPSA-github/software/hyphy/res CLN Universal /Volumes/Expansion/MelnickLab/LIPSA-github/results/PrimateMGA/PrimateMGA.codons.fa 'No/No' /Volumes/Expansion/MelnickLab/LIPSA-github/results/PrimateMGA/PrimateMGA.codons.cln.fa
        (one of the commands exited with non-zero exit code; note that snakemake uses bash strict mode!)

Exiting because a job execution failed. Look above for error message
Complete log: .snakemake/log/2024-05-16T152536.195152.snakemake.log
