Building DAG of jobs...
Using shell: /usr/bin/bash
Provided cores: 8
Rules claiming more threads will be scaled down.
Provided resources: mem_mb=1000, mem_mib=954, disk_mb=1000, disk_mib=954
Select jobs to execute...

[Fri Apr 19 10:36:14 2024]
rule FMM:
    input: /athena/melnicklab/users/scratch/agl4001/LIPSA/results/GnathostomataBCL6/GnathoBCL6.RDP.fasta, /athena/melnicklab/users/scratch/agl4001/LIPSA/results/GnathostomataBCL6/GnathoBCL6.RDP.fasta.treefile
    output: /athena/melnicklab/users/scratch/agl4001/LIPSA/results/GnathostomataBCL6/GnathoBCL6.RDP.fasta.FMM.json
    jobid: 0
    reason: Forced execution
    wildcards: sample=GnathoBCL6.RDP.fasta
    resources: mem_mb=1000, mem_mib=954, disk_mb=1000, disk_mib=954, tmpdir=/tmp

--------------------------------------------------------------------------
WARNING: There is at least one non-excluded one OpenFabrics device found,
but there are no active ports detected (or Open MPI was unable to use
them).  This is most certainly not what you wanted.  Check your
cables, subnet manager configuration, etc.  The openib BTL will be
ignored for this job.

  Local host: node158
--------------------------------------------------------------------------
