
Analysis Description
--------------------
Perform a Fast Unbiased AppRoximate Bayesian (FUBAR) analysis of a
coding sequence alignment to determine whether some sites have been
subject to pervasive purifying or diversifying selection. v2.1
introduces two more methods for estimating the posterior distribution of
grid weights: collapsed Gibbs MCMC (faster) and 0-th order Variation
Bayes approximation (fastest). Please note that a FUBAR analysis
generates a cache and a results JSON file in the same directory as
directory as the original alignment. HyPhy needs to have write
privileges to this directory. For example if the original file is in
/home/sergei/FUBAR/data/pol.nex then at the end of a FUBAR run, there
will also exist FUBAR-generated files
/home/sergei/FUBAR/data/pol.nex.FUBAR.json,
/home/sergei/FUBAR/data/pol.nex.fubrar.cache. They also provide
checkpointing so that a partially completed analysis can be restarted.

- __Requirements__: in-frame codon alignment (possibly partitioned) and a phylogenetic tree
(one per partition)

- __Citation__: FUBAR: a fast, unconstrained bayesian approximation for inferring
selection (2013), Mol Biol Evol. 30(5):1196-205

- __Written by__: Sergei L Kosakovsky Pond

- __Contact Information__: spond@temple.edu

- __Analysis Version__: 2.2


>code => Universal
/athena/melnicklab/users/scratch/agl4001/LIPSA/results/GnathostomataBCL6/GnathoBCL6.RDP.fasta.treefile
/athena/melnicklab/users/scratch/agl4001/LIPSA/results/GnathostomataBCL6/GnathoBCL6.RDP.fasta.treefile

>Loaded a multiple sequence alignment with **548** sequences, **1496** codons, and **1** partitions from `/athena/melnicklab/users/scratch/agl4001/LIPSA/results/GnathostomataBCL6/GnathoBCL6.RDP.fasta`
Save FUBAR cache to : 
>cache => /athena/melnicklab/users/scratch/agl4001/LIPSA/results/GnathostomataBCL6/GnathoBCL6.RDP.fasta.FUBAR.cache
> FUBAR will write cache and result files to _/athena/melnicklab/users/scratch/agl4001/LIPSA/results/GnathostomataBCL6/GnathoBCL6.RDP.fasta.FUBAR.cache_ and _/athena/melnicklab/users/scratch/agl4001/LIPSA/results/GnathostomataBCL6/GnathoBCL6.RDP.fasta.FUBAR.json_, respectively 


> Number of grid points per dimension (total number is D^2) (permissible range = [5,50], default value = 20, integer): 
>grid => 20

>method => Variational-Bayes
> The concentration parameter of the Dirichlet prior (permissible range = [0.001,1], default value = 0.5): 
>concentration_parameter => 0.5

>non-zero => No


### Obtaining branch lengths and nucleotide substitution biases under the nucleotide GTR model

>kill-zero-lengths => Yes

### Deleted 12 zero-length internal branches: `Node16, Node192, Node193, Node20, Node238, Node279, Node295, Node321, Node812, Node846, Node847, Node861`
* Log(L) = -210265.85, AIC-c = 422734.68 (1101 estimated parameters)
* 1 partition. Total tree length by partition (subs/site) 22.874
* Tree length (expected substitutions/site) for partition 1 :   22.874

### Computing the phylogenetic likelihood function on the grid 
* Determining appropriate tree scaling based on the best score from a  20 x 20 rate grid
* Best scaling achieved for 
	* synonymous rate =  2.815
	* non-synonymous rate =  0.357
* Computing conditional site likelihoods on a 20 x 20 rate grid

### Running an iterative zeroth order variational Bayes procedure to estimate the posterior mean of rate weights
* Using the following settings
	* Dirichlet alpha  : 0.5

### Tabulating site-level results
|     Codon      |   Partition    |     alpha      |      beta      |Posterior prob for positive selection|
|:--------------:|:--------------:|:--------------:|:--------------:|:-----------------------------------:|
|       40       |       1        |        4.764   |       35.772   |       Pos. posterior = 0.9094       |
|       42       |       1        |        3.809   |       34.902   |       Pos. posterior = 0.9232       |
|      155       |       1        |        2.745   |        7.125   |       Pos. posterior = 0.9975       |
|      157       |       1        |        1.022   |        2.815   |       Pos. posterior = 0.9725       |
|      169       |       1        |        1.697   |        8.583   |       Pos. posterior = 0.9076       |
|      919       |       1        |        1.052   |        6.771   |       Pos. posterior = 0.9044       |
----
## FUBAR inferred 6 sites subject to diversifying positive selection at posterior probability >= 0.9
Of these,  0.39 are expected to be false positives (95% confidence interval of 0-2 )



# We are operating out of base directory: /athena/melnicklab/users/scratch/agl4001/LIPSA
# Output directory: /athena/melnicklab/users/scratch/agl4001/LIPSA/results/GnathostomataBCL6
# We will process selection analyses in 1 files
# We will use the following clade labels: ['/athena/melnicklab/users/scratch/agl4001/LIPSA/results/GnathostomataBCL6/Elasmobranchii.clade', '/athena/melnicklab/users/scratch/agl4001/LIPSA/results/GnathostomataBCL6/Euteleostomi.clade', '/athena/melnicklab/users/scratch/agl4001/LIPSA/results/GnathostomataBCL6/Holocephali.clade']
# Reference clade: Elasmobranchii
