
Analysis Description
--------------------
 Read a tree and (optionally) a list of sequence names, and annotate
branches for subsequent analyses that accept branch partitions. 

- __Requirements__: A tree to label. Existing tree labels will be respected, allowing for
multiple sets to be labeled

- __Citation__: TBD

- __Written by__: Sergei L Kosakovsky Pond

- __Contact Information__: spond@temple.edu

- __Analysis Version__: 0.2

/athena/melnicklab/users/scratch/agl4001/LIPSA/results/GnathostomataBCL6/GnathoBCL6.RDP.fasta.treefile
/athena/melnicklab/users/scratch/agl4001/LIPSA/results/GnathostomataBCL6/GnathoBCL6.RDP.fasta.treefile

Use the following regular expression to select a subset of leaves : regexp: ()
Use the following label for annotation : label: Elasmobranchii
Reroot the tree on this node ('None' to skip rerooting) : reroot: None

Selected 6 branches to label

internal-nodes: All descendants

Labeled 0 additional branches


Analysis Description
--------------------
 Read a tree and (optionally) a list of sequence names, and annotate
branches for subsequent analyses that accept branch partitions. 

- __Requirements__: A tree to label. Existing tree labels will be respected, allowing for
multiple sets to be labeled

- __Citation__: TBD

- __Written by__: Sergei L Kosakovsky Pond

- __Contact Information__: spond@temple.edu

- __Analysis Version__: 0.2

/athena/melnicklab/users/scratch/agl4001/LIPSA/results/GnathostomataBCL6/GnathoBCL6.RDP.fasta.treefile.labelled
/athena/melnicklab/users/scratch/agl4001/LIPSA/results/GnathostomataBCL6/GnathoBCL6.RDP.fasta.treefile.labelled

Use the following regular expression to select a subset of leaves : regexp: ()
Use the following label for annotation : label: Euteleostomi
Reroot the tree on this node ('None' to skip rerooting) : reroot: None

Selected 530 branches to label

internal-nodes: All descendants

Labeled 0 additional branches


Analysis Description
--------------------
 Read a tree and (optionally) a list of sequence names, and annotate
branches for subsequent analyses that accept branch partitions. 

- __Requirements__: A tree to label. Existing tree labels will be respected, allowing for
multiple sets to be labeled

- __Citation__: TBD

- __Written by__: Sergei L Kosakovsky Pond

- __Contact Information__: spond@temple.edu

- __Analysis Version__: 0.2

/athena/melnicklab/users/scratch/agl4001/LIPSA/results/GnathostomataBCL6/GnathoBCL6.RDP.fasta.treefile.labelled
/athena/melnicklab/users/scratch/agl4001/LIPSA/results/GnathostomataBCL6/GnathoBCL6.RDP.fasta.treefile.labelled

Use the following regular expression to select a subset of leaves : regexp: ()
Use the following label for annotation : label: Holocephali
Reroot the tree on this node ('None' to skip rerooting) : reroot: None

Selected 1 branches to label

internal-nodes: All descendants

Labeled 0 additional branches

# We are operating out of base directory: /athena/melnicklab/users/scratch/agl4001/LIPSA
# Output directory: /athena/melnicklab/users/scratch/agl4001/LIPSA/results/GnathostomataBCL6
# We will process selection analyses in 1 files
# We will use the following clade labels: ['/athena/melnicklab/users/scratch/agl4001/LIPSA/results/GnathostomataBCL6/Elasmobranchii.clade', '/athena/melnicklab/users/scratch/agl4001/LIPSA/results/GnathostomataBCL6/Euteleostomi.clade', '/athena/melnicklab/users/scratch/agl4001/LIPSA/results/GnathostomataBCL6/Holocephali.clade']
# Reference clade: Elasmobranchii
/athena/melnicklab/users/scratch/agl4001/LIPSA/results/GnathostomataBCL6/Elasmobranchii.clade /athena/melnicklab/users/scratch/agl4001/LIPSA/results/GnathostomataBCL6/GnathoBCL6.RDP.fasta.treefile
hyphy /athena/melnicklab/users/scratch/agl4001/LIPSA/scripts/label-tree.bf --tree /athena/melnicklab/users/scratch/agl4001/LIPSA/results/GnathostomataBCL6/GnathoBCL6.RDP.fasta.treefile --list /athena/melnicklab/users/scratch/agl4001/LIPSA/results/GnathostomataBCL6/Elasmobranchii.clade --output /athena/melnicklab/users/scratch/agl4001/LIPSA/results/GnathostomataBCL6/GnathoBCL6.RDP.fasta.treefile.labelled --label Elasmobranchii
/athena/melnicklab/users/scratch/agl4001/LIPSA/results/GnathostomataBCL6/Euteleostomi.clade /athena/melnicklab/users/scratch/agl4001/LIPSA/results/GnathostomataBCL6/GnathoBCL6.RDP.fasta.treefile
hyphy /athena/melnicklab/users/scratch/agl4001/LIPSA/scripts/label-tree.bf --tree /athena/melnicklab/users/scratch/agl4001/LIPSA/results/GnathostomataBCL6/GnathoBCL6.RDP.fasta.treefile.labelled --list /athena/melnicklab/users/scratch/agl4001/LIPSA/results/GnathostomataBCL6/Euteleostomi.clade --output /athena/melnicklab/users/scratch/agl4001/LIPSA/results/GnathostomataBCL6/GnathoBCL6.RDP.fasta.treefile.labelled --label Euteleostomi
/athena/melnicklab/users/scratch/agl4001/LIPSA/results/GnathostomataBCL6/Holocephali.clade /athena/melnicklab/users/scratch/agl4001/LIPSA/results/GnathostomataBCL6/GnathoBCL6.RDP.fasta.treefile
hyphy /athena/melnicklab/users/scratch/agl4001/LIPSA/scripts/label-tree.bf --tree /athena/melnicklab/users/scratch/agl4001/LIPSA/results/GnathostomataBCL6/GnathoBCL6.RDP.fasta.treefile.labelled --list /athena/melnicklab/users/scratch/agl4001/LIPSA/results/GnathostomataBCL6/Holocephali.clade --output /athena/melnicklab/users/scratch/agl4001/LIPSA/results/GnathostomataBCL6/GnathoBCL6.RDP.fasta.treefile.labelled --label Holocephali
