Building DAG of jobs...
Using shell: /usr/bin/bash
Provided cluster nodes: 8
Job stats:
job              count
-------------  -------
ParseGARD            1
all                  1
recombination        1
total                3

Select jobs to execute...

[Thu Mar 21 13:14:10 2024]
rule recombination:
    input: /athena/melnicklab/users/scratch/agl4001/AOC/results/GnathostomataBCL6/GnathostomataBCL6.RD.SA.codons.cln.fa.cluster.fasta
    output: /athena/melnicklab/users/scratch/agl4001/AOC/results/GnathostomataBCL6/GnathostomataBCL6.RD.SA.codons.cln.fa.cluster.GARD.json, /athena/melnicklab/users/scratch/agl4001/AOC/results/GnathostomataBCL6/GnathostomataBCL6.RD.SA.codons.cln.fa.cluster.best-gard
    jobid: 9
    reason: Missing output files: /athena/melnicklab/users/scratch/agl4001/AOC/results/GnathostomataBCL6/GnathostomataBCL6.RD.SA.codons.cln.fa.cluster.GARD.json, /athena/melnicklab/users/scratch/agl4001/AOC/results/GnathostomataBCL6/GnathostomataBCL6.RD.SA.codons.cln.fa.cluster.best-gard
    wildcards: GENE=GnathostomataBCL6
    resources: mem_mb=1000, mem_mib=954, disk_mb=1000, disk_mib=954, tmpdir=<TBD>

Submitted job 9 with external jobid 'Submitted batch job 11162037'.
[Thu Mar 21 13:14:20 2024]
Error in rule recombination:
    jobid: 9
    input: /athena/melnicklab/users/scratch/agl4001/AOC/results/GnathostomataBCL6/GnathostomataBCL6.RD.SA.codons.cln.fa.cluster.fasta
    output: /athena/melnicklab/users/scratch/agl4001/AOC/results/GnathostomataBCL6/GnathostomataBCL6.RD.SA.codons.cln.fa.cluster.GARD.json, /athena/melnicklab/users/scratch/agl4001/AOC/results/GnathostomataBCL6/GnathostomataBCL6.RD.SA.codons.cln.fa.cluster.best-gard
    shell:
        mpirun --use-hwthread-cpus -np 32 HYPHYMPI GARD --alignment /athena/melnicklab/users/scratch/agl4001/AOC/results/GnathostomataBCL6/GnathostomataBCL6.RD.SA.codons.cln.fa.cluster.fasta --rv GDD --output /athena/melnicklab/users/scratch/agl4001/AOC/results/GnathostomataBCL6/GnathostomataBCL6.RD.SA.codons.cln.fa.cluster.GARD.json
        (one of the commands exited with non-zero exit code; note that snakemake uses bash strict mode!)
    cluster_jobid: Submitted batch job 11162037

Error executing rule recombination on cluster (jobid: 9, external: Submitted batch job 11162037, jobscript: /athena/melnicklab/users/scratch/agl4001/AOC/.snakemake/tmp.fkl37i7d/snakejob.recombination.9.sh). For error details see the cluster log and the log files of the involved rule(s).
Exiting because a job execution failed. Look above for error message
Complete log: .snakemake/log/2024-03-21T131408.379267.snakemake.log
