Building DAG of jobs...
Using shell: /usr/bin/bash
Provided cluster nodes: 1
Job stats:
job                      count
---------------------  -------
GatherLineages               1
ParseGARD                    1
all                          1
cln                          3
cluster_to_fasta             1
get_codons                   1
iqtree                       1
macse                        3
macse_trim                   3
recombination                1
remove_duplicates_msa        1
strike_ambigs_msa            1
tn93_cluster                 1
total                       19

Select jobs to execute...

[Wed Mar 20 20:52:03 2024]
rule get_codons:
    output: /athena/melnicklab/users/scratch/agl4001/AOC/results/GnathostomataBCL6/GnathostomataBCL6
    jobid: 1
    reason: Forced execution
    resources: mem_mb=1000, mem_mib=954, disk_mb=1000, disk_mib=954, tmpdir=<TBD>

Submitted job 1 with external jobid 'Submitted batch job 11161490'.
[Wed Mar 20 20:54:23 2024]
Finished job 1.
1 of 19 steps (5%) done
Select jobs to execute...

[Wed Mar 20 20:54:23 2024]
rule macse_trim:
    input: /athena/melnicklab/users/scratch/agl4001/AOC/results/GnathostomataBCL6/GnathostomataBCL6
    output: /athena/melnicklab/users/scratch/agl4001/AOC/results/GnathostomataBCL6/GnathostomataBCL6.RD.SA.codons.trim.fa, /athena/melnicklab/users/scratch/agl4001/AOC/results/GnathostomataBCL6/GnathostomataBCL6.RD.SA.aa.trim.fa
    jobid: 10
    reason: Missing output files: /athena/melnicklab/users/scratch/agl4001/AOC/results/GnathostomataBCL6/GnathostomataBCL6.RD.SA.codons.trim.fa; Input files updated by another job: /athena/melnicklab/users/scratch/agl4001/AOC/results/GnathostomataBCL6/GnathostomataBCL6
    wildcards: GENE=GnathostomataBCL6.RD.SA
    resources: mem_mb=1000, mem_mib=954, disk_mb=1000, disk_mib=954, tmpdir=<TBD>

Submitted job 10 with external jobid 'Submitted batch job 11161491'.
