Building DAG of jobs...
Using shell: /usr/bin/bash
Provided cluster nodes: 8
Job stats:
job                      count
---------------------  -------
GatherLineages               1
ParseGARD                    1
all                          1
cln                          3
cluster_to_fasta             1
get_codons                   1
iqtree                       1
macse                        3
macse_trim                   3
recombination                1
remove_duplicates_msa        1
strike_ambigs_msa            1
tn93_cluster                 1
total                       19

Select jobs to execute...

[Wed Mar 20 21:10:55 2024]
rule get_codons:
    output: /athena/melnicklab/users/scratch/agl4001/AOC/results/GnathostomataBCL6/GnathostomataBCL6
    jobid: 1
    reason: Missing output files: /athena/melnicklab/users/scratch/agl4001/AOC/results/GnathostomataBCL6/GnathostomataBCL6
    resources: mem_mb=1000, mem_mib=954, disk_mb=1000, disk_mib=954, tmpdir=<TBD>

Submitted job 1 with external jobid 'Submitted batch job 11161495'.
