Building DAG of jobs...
Using shell: /usr/bin/bash
Provided cores: 1 (use --cores to define parallelism)
Rules claiming more threads will be scaled down.
Job stats:
job          count
---------  -------
ParseGARD        1
all              1
total            2

Select jobs to execute...

[Fri Apr  5 13:54:02 2024]
rule ParseGARD:
    input: /athena/melnicklab/users/scratch/agl4001/AOC/results/GnathostomataBCL6/GnathostomataBCL6.RD.SA.codons.cln.fa.cluster.fasta.best-gard, /athena/melnicklab/users/scratch/agl4001/AOC/results/GnathostomataBCL6/GnathostomataBCL6.RD.SA.codons.cln.fa
    output: /athena/melnicklab/users/scratch/agl4001/AOC/results/GnathostomataBCL6/GnathostomataBCL6.1.codon.fas
    jobid: 10
    reason: Missing output files: /athena/melnicklab/users/scratch/agl4001/AOC/results/GnathostomataBCL6/GnathostomataBCL6.1.codon.fas
    wildcards: GENE=GnathostomataBCL6
    resources: tmpdir=/scratchLocal/agl4001_11164820

Exiting because a job execution failed. Look above for error message
Complete log: .snakemake/log/2024-04-05T135401.216558.snakemake.log
