Building DAG of jobs...
Using shell: /usr/bin/bash
Provided cluster nodes: 8
Job stats:
job                      count
---------------------  -------
GatherLineages               1
ParseGARD                    1
all                          1
cln                          3
cluster_to_fasta             1
get_codons                   1
iqtree                       1
macse                        3
macse_trim                   3
recombination                1
remove_duplicates_msa        1
strike_ambigs_msa            1
tn93_cluster                 1
total                       19

Select jobs to execute...

[Wed Mar 20 21:12:16 2024]
rule get_codons:
    output: /athena/melnicklab/users/scratch/agl4001/AOC/results/GnathostomataBCL6/GnathostomataBCL6
    jobid: 1
    reason: Missing output files: /athena/melnicklab/users/scratch/agl4001/AOC/results/GnathostomataBCL6/GnathostomataBCL6
    resources: mem_mb=1000, mem_mib=954, disk_mb=1000, disk_mib=954, tmpdir=<TBD>

Submitted job 1 with external jobid 'Submitted batch job 11161496'.
[Wed Mar 20 21:15:16 2024]
Finished job 1.
1 of 19 steps (5%) done
Select jobs to execute...
Failed to solve scheduling problem with ILP solver. Falling back to greedy solver. Run Snakemake with --verbose to see the full solver output for debugging the problem.

[Wed Mar 20 21:15:16 2024]
rule macse_trim:
    input: /athena/melnicklab/users/scratch/agl4001/AOC/results/GnathostomataBCL6/GnathostomataBCL6
    output: /athena/melnicklab/users/scratch/agl4001/AOC/results/GnathostomataBCL6/GnathostomataBCL6.SA.codons.trim.fa, /athena/melnicklab/users/scratch/agl4001/AOC/results/GnathostomataBCL6/GnathostomataBCL6.SA.aa.trim.fa
    jobid: 7
    reason: Missing output files: /athena/melnicklab/users/scratch/agl4001/AOC/results/GnathostomataBCL6/GnathostomataBCL6.SA.codons.trim.fa; Input files updated by another job: /athena/melnicklab/users/scratch/agl4001/AOC/results/GnathostomataBCL6/GnathostomataBCL6
    wildcards: GENE=GnathostomataBCL6.SA
    resources: mem_mb=1000, mem_mib=954, disk_mb=1000, disk_mib=954, tmpdir=<TBD>

Submitted job 7 with external jobid 'Submitted batch job 11161497'.

[Wed Mar 20 21:15:16 2024]
rule macse_trim:
    input: /athena/melnicklab/users/scratch/agl4001/AOC/results/GnathostomataBCL6/GnathostomataBCL6
    output: /athena/melnicklab/users/scratch/agl4001/AOC/results/GnathostomataBCL6/GnathostomataBCL6.codons.trim.fa, /athena/melnicklab/users/scratch/agl4001/AOC/results/GnathostomataBCL6/GnathostomataBCL6.aa.trim.fa
    jobid: 2
    reason: Missing output files: /athena/melnicklab/users/scratch/agl4001/AOC/results/GnathostomataBCL6/GnathostomataBCL6.codons.trim.fa, /athena/melnicklab/users/scratch/agl4001/AOC/results/GnathostomataBCL6/GnathostomataBCL6.aa.trim.fa; Input files updated by another job: /athena/melnicklab/users/scratch/agl4001/AOC/results/GnathostomataBCL6/GnathostomataBCL6
    wildcards: GENE=GnathostomataBCL6
    resources: mem_mb=1000, mem_mib=954, disk_mb=1000, disk_mib=954, tmpdir=<TBD>

Submitted job 2 with external jobid 'Submitted batch job 11161498'.

[Wed Mar 20 21:15:16 2024]
rule macse_trim:
    input: /athena/melnicklab/users/scratch/agl4001/AOC/results/GnathostomataBCL6/GnathostomataBCL6
    output: /athena/melnicklab/users/scratch/agl4001/AOC/results/GnathostomataBCL6/GnathostomataBCL6.RD.SA.codons.trim.fa, /athena/melnicklab/users/scratch/agl4001/AOC/results/GnathostomataBCL6/GnathostomataBCL6.RD.SA.aa.trim.fa
    jobid: 10
    reason: Missing output files: /athena/melnicklab/users/scratch/agl4001/AOC/results/GnathostomataBCL6/GnathostomataBCL6.RD.SA.codons.trim.fa; Input files updated by another job: /athena/melnicklab/users/scratch/agl4001/AOC/results/GnathostomataBCL6/GnathostomataBCL6
    wildcards: GENE=GnathostomataBCL6.RD.SA
    resources: mem_mb=1000, mem_mib=954, disk_mb=1000, disk_mib=954, tmpdir=<TBD>

Submitted job 10 with external jobid 'Submitted batch job 11161499'.
[Wed Mar 20 22:30:00 2024]
Finished job 7.
2 of 19 steps (11%) done
Select jobs to execute...

[Wed Mar 20 22:30:00 2024]
rule macse:
    input: /athena/melnicklab/users/scratch/agl4001/AOC/results/GnathostomataBCL6/GnathostomataBCL6.SA.codons.trim.fa
    output: /athena/melnicklab/users/scratch/agl4001/AOC/results/GnathostomataBCL6/GnathostomataBCL6.SA.codons.fa, /athena/melnicklab/users/scratch/agl4001/AOC/results/GnathostomataBCL6/GnathostomataBCL6.SA.aa.fa
    jobid: 6
    reason: Missing output files: /athena/melnicklab/users/scratch/agl4001/AOC/results/GnathostomataBCL6/GnathostomataBCL6.SA.codons.fa; Input files updated by another job: /athena/melnicklab/users/scratch/agl4001/AOC/results/GnathostomataBCL6/GnathostomataBCL6.SA.codons.trim.fa
    wildcards: GENE=GnathostomataBCL6.SA
    resources: mem_mb=1000, mem_mib=954, disk_mb=1000, disk_mib=954, tmpdir=<TBD>

Submitted job 6 with external jobid 'Submitted batch job 11161514'.
[Wed Mar 20 23:44:45 2024]
Finished job 2.
3 of 19 steps (16%) done
Select jobs to execute...

[Wed Mar 20 23:44:45 2024]
rule macse:
    input: /athena/melnicklab/users/scratch/agl4001/AOC/results/GnathostomataBCL6/GnathostomataBCL6.codons.trim.fa
    output: /athena/melnicklab/users/scratch/agl4001/AOC/results/GnathostomataBCL6/GnathostomataBCL6.codons.fa, /athena/melnicklab/users/scratch/agl4001/AOC/results/GnathostomataBCL6/GnathostomataBCL6.aa.fa
    jobid: 3
    reason: Missing output files: /athena/melnicklab/users/scratch/agl4001/AOC/results/GnathostomataBCL6/GnathostomataBCL6.aa.fa, /athena/melnicklab/users/scratch/agl4001/AOC/results/GnathostomataBCL6/GnathostomataBCL6.codons.fa; Input files updated by another job: /athena/melnicklab/users/scratch/agl4001/AOC/results/GnathostomataBCL6/GnathostomataBCL6.codons.trim.fa
    wildcards: GENE=GnathostomataBCL6
    resources: mem_mb=1000, mem_mib=954, disk_mb=1000, disk_mib=954, tmpdir=<TBD>

Submitted job 3 with external jobid 'Submitted batch job 11161536'.
[Thu Mar 21 00:39:08 2024]
Finished job 6.
4 of 19 steps (21%) done
Select jobs to execute...

[Thu Mar 21 00:39:08 2024]
rule cln:
    input: /athena/melnicklab/users/scratch/agl4001/AOC/results/GnathostomataBCL6/GnathostomataBCL6.SA.codons.fa
    output: /athena/melnicklab/users/scratch/agl4001/AOC/results/GnathostomataBCL6/GnathostomataBCL6.SA.codons.cln.fa
    jobid: 5
    reason: Missing output files: /athena/melnicklab/users/scratch/agl4001/AOC/results/GnathostomataBCL6/GnathostomataBCL6.SA.codons.cln.fa; Input files updated by another job: /athena/melnicklab/users/scratch/agl4001/AOC/results/GnathostomataBCL6/GnathostomataBCL6.SA.codons.fa; Set of input files has changed since last execution; Code has changed since last execution
    wildcards: GENE=GnathostomataBCL6.SA
    resources: mem_mb=1000, mem_mib=954, disk_mb=1000, disk_mib=954, tmpdir=<TBD>

Submitted job 5 with external jobid 'Submitted batch job 11161550'.
[Thu Mar 21 00:40:18 2024]
Finished job 5.
5 of 19 steps (26%) done
[Thu Mar 21 00:44:38 2024]
Finished job 3.
6 of 19 steps (32%) done
Select jobs to execute...

[Thu Mar 21 00:44:38 2024]
rule cln:
    input: /athena/melnicklab/users/scratch/agl4001/AOC/results/GnathostomataBCL6/GnathostomataBCL6.codons.fa
    output: /athena/melnicklab/users/scratch/agl4001/AOC/results/GnathostomataBCL6/GnathostomataBCL6.codons.cln.fa
    jobid: 4
    reason: Missing output files: /athena/melnicklab/users/scratch/agl4001/AOC/results/GnathostomataBCL6/GnathostomataBCL6.codons.cln.fa; Input files updated by another job: /athena/melnicklab/users/scratch/agl4001/AOC/results/GnathostomataBCL6/GnathostomataBCL6.codons.fa
    wildcards: GENE=GnathostomataBCL6
    resources: mem_mb=1000, mem_mib=954, disk_mb=1000, disk_mib=954, tmpdir=<TBD>

Submitted job 4 with external jobid 'Submitted batch job 11161559'.
[Thu Mar 21 00:45:38 2024]
Finished job 4.
7 of 19 steps (37%) done
Select jobs to execute...

[Thu Mar 21 00:45:38 2024]
rule strike_ambigs_msa:
    input: /athena/melnicklab/users/scratch/agl4001/AOC/results/GnathostomataBCL6/GnathostomataBCL6.codons.cln.fa
    output: /athena/melnicklab/users/scratch/agl4001/AOC/results/GnathostomataBCL6/GnathostomataBCL6.SA.codons.cln.fa
    jobid: 13
    reason: Missing output files: /athena/melnicklab/users/scratch/agl4001/AOC/results/GnathostomataBCL6/GnathostomataBCL6.SA.codons.cln.fa; Input files updated by another job: /athena/melnicklab/users/scratch/agl4001/AOC/results/GnathostomataBCL6/GnathostomataBCL6.codons.cln.fa
    wildcards: GENE=GnathostomataBCL6
    resources: mem_mb=1000, mem_mib=954, disk_mb=1000, disk_mib=954, tmpdir=<TBD>

Submitted job 13 with external jobid 'Submitted batch job 11161560'.
[Thu Mar 21 00:45:58 2024]
Finished job 13.
8 of 19 steps (42%) done
Select jobs to execute...

[Thu Mar 21 00:45:58 2024]
rule remove_duplicates_msa:
    input: /athena/melnicklab/users/scratch/agl4001/AOC/results/GnathostomataBCL6/GnathostomataBCL6.SA.codons.cln.fa
    output: /athena/melnicklab/users/scratch/agl4001/AOC/results/GnathostomataBCL6/GnathostomataBCL6.RD.SA.codons.cln.fa
    jobid: 12
    reason: Missing output files: /athena/melnicklab/users/scratch/agl4001/AOC/results/GnathostomataBCL6/GnathostomataBCL6.RD.SA.codons.cln.fa; Input files updated by another job: /athena/melnicklab/users/scratch/agl4001/AOC/results/GnathostomataBCL6/GnathostomataBCL6.SA.codons.cln.fa
    wildcards: GENE=GnathostomataBCL6
    resources: mem_mb=1000, mem_mib=954, disk_mb=1000, disk_mib=954, tmpdir=<TBD>

Submitted job 12 with external jobid 'Submitted batch job 11161561'.
[Thu Mar 21 00:46:08 2024]
Finished job 12.
9 of 19 steps (47%) done
Select jobs to execute...
