Building DAG of jobs...
Using shell: /usr/bin/bash
Provided cores: 4
Rules claiming more threads will be scaled down.
Job stats:
job          count
---------  -------
BUSTEDS          7
BUSTEDSMH        7
MEME             7
all              1
total           22

Select jobs to execute...

[Sat Apr  6 11:33:28 2024]
rule BUSTEDSMH:
    input: /athena/melnicklab/users/scratch/agl4001/AOC/results/GnathostomataBCL6/GnathostomataBCL6.4.codon.fas, /athena/melnicklab/users/scratch/agl4001/AOC/results/GnathostomataBCL6/GnathostomataBCL6.4.codon.fas.treefile
    output: /athena/melnicklab/users/scratch/agl4001/AOC/results/GnathostomataBCL6/GnathostomataBCL6.4.codon.fas.BUSTEDS-MH.json
    jobid: 39
    reason: Missing output files: /athena/melnicklab/users/scratch/agl4001/AOC/results/GnathostomataBCL6/GnathostomataBCL6.4.codon.fas.BUSTEDS-MH.json
    wildcards: sample=GnathostomataBCL6.4.codon.fas
    resources: tmpdir=/scratchLocal/agl4001_11164823


[Sat Apr  6 11:33:28 2024]
rule BUSTEDS:
    input: /athena/melnicklab/users/scratch/agl4001/AOC/results/GnathostomataBCL6/GnathostomataBCL6.2.codon.fas, /athena/melnicklab/users/scratch/agl4001/AOC/results/GnathostomataBCL6/GnathostomataBCL6.2.codon.fas.treefile
    output: /athena/melnicklab/users/scratch/agl4001/AOC/results/GnathostomataBCL6/GnathostomataBCL6.2.codon.fas.BUSTEDS.json
    jobid: 23
    reason: Missing output files: /athena/melnicklab/users/scratch/agl4001/AOC/results/GnathostomataBCL6/GnathostomataBCL6.2.codon.fas.BUSTEDS.json
    wildcards: sample=GnathostomataBCL6.2.codon.fas
    resources: tmpdir=/scratchLocal/agl4001_11164823


[Sat Apr  6 11:33:28 2024]
rule MEME:
    input: /athena/melnicklab/users/scratch/agl4001/AOC/results/GnathostomataBCL6/GnathostomataBCL6.3.codon.fas, /athena/melnicklab/users/scratch/agl4001/AOC/results/GnathostomataBCL6/GnathostomataBCL6.3.codon.fas.treefile
    output: /athena/melnicklab/users/scratch/agl4001/AOC/results/GnathostomataBCL6/GnathostomataBCL6.3.codon.fas.MEME.json
    jobid: 31
    reason: Missing output files: /athena/melnicklab/users/scratch/agl4001/AOC/results/GnathostomataBCL6/GnathostomataBCL6.3.codon.fas.MEME.json
    wildcards: sample=GnathostomataBCL6.3.codon.fas
    resources: tmpdir=/scratchLocal/agl4001_11164823


[Sat Apr  6 11:33:28 2024]
rule BUSTEDSMH:
    input: /athena/melnicklab/users/scratch/agl4001/AOC/results/GnathostomataBCL6/GnathostomataBCL6.7.codon.fas, /athena/melnicklab/users/scratch/agl4001/AOC/results/GnathostomataBCL6/GnathostomataBCL6.7.codon.fas.treefile
    output: /athena/melnicklab/users/scratch/agl4001/AOC/results/GnathostomataBCL6/GnathostomataBCL6.7.codon.fas.BUSTEDS-MH.json
    jobid: 42
    reason: Missing output files: /athena/melnicklab/users/scratch/agl4001/AOC/results/GnathostomataBCL6/GnathostomataBCL6.7.codon.fas.BUSTEDS-MH.json
    wildcards: sample=GnathostomataBCL6.7.codon.fas
    resources: tmpdir=/scratchLocal/agl4001_11164823

[Sun Apr  7 13:23:22 2024]
Finished job 23.
1 of 22 steps (5%) done
Select jobs to execute...

[Sun Apr  7 13:23:23 2024]
rule MEME:
    input: /athena/melnicklab/users/scratch/agl4001/AOC/results/GnathostomataBCL6/GnathostomataBCL6.2.codon.fas, /athena/melnicklab/users/scratch/agl4001/AOC/results/GnathostomataBCL6/GnathostomataBCL6.2.codon.fas.treefile
    output: /athena/melnicklab/users/scratch/agl4001/AOC/results/GnathostomataBCL6/GnathostomataBCL6.2.codon.fas.MEME.json
    jobid: 30
    reason: Missing output files: /athena/melnicklab/users/scratch/agl4001/AOC/results/GnathostomataBCL6/GnathostomataBCL6.2.codon.fas.MEME.json
    wildcards: sample=GnathostomataBCL6.2.codon.fas
    resources: tmpdir=/scratchLocal/agl4001_11164823

[Sun Apr  7 16:52:11 2024]
Finished job 31.
2 of 22 steps (9%) done
Select jobs to execute...

[Sun Apr  7 16:52:11 2024]
rule MEME:
    input: /athena/melnicklab/users/scratch/agl4001/AOC/results/GnathostomataBCL6/GnathostomataBCL6.4.codon.fas, /athena/melnicklab/users/scratch/agl4001/AOC/results/GnathostomataBCL6/GnathostomataBCL6.4.codon.fas.treefile
    output: /athena/melnicklab/users/scratch/agl4001/AOC/results/GnathostomataBCL6/GnathostomataBCL6.4.codon.fas.MEME.json
    jobid: 32
    reason: Missing output files: /athena/melnicklab/users/scratch/agl4001/AOC/results/GnathostomataBCL6/GnathostomataBCL6.4.codon.fas.MEME.json
    wildcards: sample=GnathostomataBCL6.4.codon.fas
    resources: tmpdir=/scratchLocal/agl4001_11164823

[Mon Apr  8 00:06:58 2024]
Finished job 32.
3 of 22 steps (14%) done
Select jobs to execute...

[Mon Apr  8 00:06:58 2024]
rule MEME:
    input: /athena/melnicklab/users/scratch/agl4001/AOC/results/GnathostomataBCL6/GnathostomataBCL6.7.codon.fas, /athena/melnicklab/users/scratch/agl4001/AOC/results/GnathostomataBCL6/GnathostomataBCL6.7.codon.fas.treefile
    output: /athena/melnicklab/users/scratch/agl4001/AOC/results/GnathostomataBCL6/GnathostomataBCL6.7.codon.fas.MEME.json
    jobid: 35
    reason: Missing output files: /athena/melnicklab/users/scratch/agl4001/AOC/results/GnathostomataBCL6/GnathostomataBCL6.7.codon.fas.MEME.json
    wildcards: sample=GnathostomataBCL6.7.codon.fas
    resources: tmpdir=/scratchLocal/agl4001_11164823

[Mon Apr  8 01:49:17 2024]
Finished job 42.
4 of 22 steps (18%) done
Select jobs to execute...

[Mon Apr  8 01:49:17 2024]
rule BUSTEDSMH:
    input: /athena/melnicklab/users/scratch/agl4001/AOC/results/GnathostomataBCL6/GnathostomataBCL6.2.codon.fas, /athena/melnicklab/users/scratch/agl4001/AOC/results/GnathostomataBCL6/GnathostomataBCL6.2.codon.fas.treefile
    output: /athena/melnicklab/users/scratch/agl4001/AOC/results/GnathostomataBCL6/GnathostomataBCL6.2.codon.fas.BUSTEDS-MH.json
    jobid: 37
    reason: Missing output files: /athena/melnicklab/users/scratch/agl4001/AOC/results/GnathostomataBCL6/GnathostomataBCL6.2.codon.fas.BUSTEDS-MH.json
    wildcards: sample=GnathostomataBCL6.2.codon.fas
    resources: tmpdir=/scratchLocal/agl4001_11164823

[Mon Apr  8 02:32:58 2024]
Finished job 35.
5 of 22 steps (23%) done
Select jobs to execute...

[Mon Apr  8 02:32:58 2024]
rule BUSTEDS:
    input: /athena/melnicklab/users/scratch/agl4001/AOC/results/GnathostomataBCL6/GnathostomataBCL6.1.codon.fas, /athena/melnicklab/users/scratch/agl4001/AOC/results/GnathostomataBCL6/GnathostomataBCL6.1.codon.fas.treefile
    output: /athena/melnicklab/users/scratch/agl4001/AOC/results/GnathostomataBCL6/GnathostomataBCL6.1.codon.fas.BUSTEDS.json
    jobid: 22
    reason: Missing output files: /athena/melnicklab/users/scratch/agl4001/AOC/results/GnathostomataBCL6/GnathostomataBCL6.1.codon.fas.BUSTEDS.json
    wildcards: sample=GnathostomataBCL6.1.codon.fas
    resources: tmpdir=/scratchLocal/agl4001_11164823

[Mon Apr  8 02:51:32 2024]
Finished job 30.
6 of 22 steps (27%) done
Select jobs to execute...

[Mon Apr  8 02:51:32 2024]
rule BUSTEDS:
    input: /athena/melnicklab/users/scratch/agl4001/AOC/results/GnathostomataBCL6/GnathostomataBCL6.3.codon.fas, /athena/melnicklab/users/scratch/agl4001/AOC/results/GnathostomataBCL6/GnathostomataBCL6.3.codon.fas.treefile
    output: /athena/melnicklab/users/scratch/agl4001/AOC/results/GnathostomataBCL6/GnathostomataBCL6.3.codon.fas.BUSTEDS.json
    jobid: 24
    reason: Missing output files: /athena/melnicklab/users/scratch/agl4001/AOC/results/GnathostomataBCL6/GnathostomataBCL6.3.codon.fas.BUSTEDS.json
    wildcards: sample=GnathostomataBCL6.3.codon.fas
    resources: tmpdir=/scratchLocal/agl4001_11164823

