Building DAG of jobs...
Using shell: /usr/bin/bash
Provided cluster nodes: 1
Job stats:
job               count
--------------  -------
GatherLineages        1
ParseGARD             1
all                   1
cln                   2
iqtree                1
recombination         1
total                 7

Select jobs to execute...

[Fri Mar  1 09:10:03 2024]
rule iqtree:
    input: /athena/melnicklab/users/scratch/agl4001/AOC/results/GnathostomataBCL6/GnathostomataBCL6.RD.SA.codons.cln.fa
    output: /athena/melnicklab/users/scratch/agl4001/AOC/results/GnathostomataBCL6/GnathostomataBCL6.RD.SA.codons.cln.fa.treefile
    jobid: 11
    reason: Missing output files: /athena/melnicklab/users/scratch/agl4001/AOC/results/GnathostomataBCL6/GnathostomataBCL6.RD.SA.codons.cln.fa.treefile
    wildcards: GENE=GnathostomataBCL6
    resources: mem_mb=1000, mem_mib=954, disk_mb=1000, disk_mib=954, tmpdir=<TBD>

Submitted job 11 with external jobid 'Submitted batch job 11156994'.
[Fri Mar  1 09:10:43 2024]
Error in rule iqtree:
    jobid: 11
    input: /athena/melnicklab/users/scratch/agl4001/AOC/results/GnathostomataBCL6/GnathostomataBCL6.RD.SA.codons.cln.fa
    output: /athena/melnicklab/users/scratch/agl4001/AOC/results/GnathostomataBCL6/GnathostomataBCL6.RD.SA.codons.cln.fa.treefile
    shell:
        iqtree -s /athena/melnicklab/users/scratch/agl4001/AOC/results/GnathostomataBCL6/GnathostomataBCL6.RD.SA.codons.cln.fa -T AUTO -B 1000
        (one of the commands exited with non-zero exit code; note that snakemake uses bash strict mode!)
    cluster_jobid: Submitted batch job 11156994

Error executing rule iqtree on cluster (jobid: 11, external: Submitted batch job 11156994, jobscript: /athena/melnicklab/users/scratch/agl4001/AOC/.snakemake/tmp.drxfqt8a/snakejob.iqtree.11.sh). For error details see the cluster log and the log files of the involved rule(s).
Select jobs to execute...

[Fri Mar  1 09:10:43 2024]
rule cln:
    input: /athena/melnicklab/users/scratch/agl4001/AOC/results/GnathostomataBCL6/GnathostomataBCL6.SA.codons.fa
    output: /athena/melnicklab/users/scratch/agl4001/AOC/results/GnathostomataBCL6/GnathostomataBCL6.SA.codons.cln.fa
    jobid: 5
    reason: Set of input files has changed since last execution; Code has changed since last execution
    wildcards: GENE=GnathostomataBCL6.SA
    resources: mem_mb=1000, mem_mib=954, disk_mb=1000, disk_mib=954, tmpdir=<TBD>

Submitted job 5 with external jobid 'Submitted batch job 11156995'.
[Fri Mar  1 09:11:13 2024]
Finished job 5.
1 of 7 steps (14%) done
Select jobs to execute...

[Fri Mar  1 09:11:13 2024]
rule recombination:
    input: /athena/melnicklab/users/scratch/agl4001/AOC/results/GnathostomataBCL6/GnathostomataBCL6.RD.SA.codons.cln.fa.cluster.fasta
    output: /athena/melnicklab/users/scratch/agl4001/AOC/results/GnathostomataBCL6/GnathostomataBCL6.RD.SA.codons.cln.fa.cluster.GARD.json, /athena/melnicklab/users/scratch/agl4001/AOC/results/GnathostomataBCL6/GnathostomataBCL6.RD.SA.codons.cln.fa.cluster.best-gard
    jobid: 16
    reason: Missing output files: /athena/melnicklab/users/scratch/agl4001/AOC/results/GnathostomataBCL6/GnathostomataBCL6.RD.SA.codons.cln.fa.cluster.GARD.json, /athena/melnicklab/users/scratch/agl4001/AOC/results/GnathostomataBCL6/GnathostomataBCL6.RD.SA.codons.cln.fa.cluster.best-gard
    wildcards: GENE=GnathostomataBCL6
    resources: mem_mb=1000, mem_mib=954, disk_mb=1000, disk_mib=954, tmpdir=<TBD>

Submitted job 16 with external jobid 'Submitted batch job 11156996'.
[Fri Mar  1 09:11:43 2024]
Error in rule recombination:
    jobid: 16
    input: /athena/melnicklab/users/scratch/agl4001/AOC/results/GnathostomataBCL6/GnathostomataBCL6.RD.SA.codons.cln.fa.cluster.fasta
    output: /athena/melnicklab/users/scratch/agl4001/AOC/results/GnathostomataBCL6/GnathostomataBCL6.RD.SA.codons.cln.fa.cluster.GARD.json, /athena/melnicklab/users/scratch/agl4001/AOC/results/GnathostomataBCL6/GnathostomataBCL6.RD.SA.codons.cln.fa.cluster.best-gard
    shell:
        mpirun --use-hwthread-cpu -np 8 HYPHYMPI GARD --alignment /athena/melnicklab/users/scratch/agl4001/AOC/results/GnathostomataBCL6/GnathostomataBCL6.RD.SA.codons.cln.fa.cluster.fasta --rv GDD --output /athena/melnicklab/users/scratch/agl4001/AOC/results/GnathostomataBCL6/GnathostomataBCL6.RD.SA.codons.cln.fa.cluster.GARD.json
        (one of the commands exited with non-zero exit code; note that snakemake uses bash strict mode!)
    cluster_jobid: Submitted batch job 11156996

Error executing rule recombination on cluster (jobid: 16, external: Submitted batch job 11156996, jobscript: /athena/melnicklab/users/scratch/agl4001/AOC/.snakemake/tmp.drxfqt8a/snakejob.recombination.16.sh). For error details see the cluster log and the log files of the involved rule(s).
Select jobs to execute...

[Fri Mar  1 09:11:43 2024]
rule cln:
    input: /athena/melnicklab/users/scratch/agl4001/AOC/results/GnathostomataBCL6/GnathostomataBCL6.RD.SA.codons.fa
    output: /athena/melnicklab/users/scratch/agl4001/AOC/results/GnathostomataBCL6/GnathostomataBCL6.RD.SA.codons.cln.fa
    jobid: 8
    reason: Set of input files has changed since last execution; Code has changed since last execution
    wildcards: GENE=GnathostomataBCL6.RD.SA
    resources: mem_mb=1000, mem_mib=954, disk_mb=1000, disk_mib=954, tmpdir=<TBD>

Submitted job 8 with external jobid 'Submitted batch job 11156997'.
[Fri Mar  1 09:12:13 2024]
Finished job 8.
2 of 7 steps (29%) done
Exiting because a job execution failed. Look above for error message
Complete log: .snakemake/log/2024-03-01T090957.555109.snakemake.log
