
Analysis Description
--------------------
 Read an alignment (and, optionally, a tree) remove duplicate sequences,
and prune the tree accordingly. 

- __Requirements__: An MSA and, optionally, a tree. v0.2 adds support for --preserve.

- __Citation__: TBD

- __Written by__: Sergei L Kosakovsky Pond

- __Contact Information__: spond@temple.edu

- __Analysis Version__: 0.2

A comma-separated list of sequences to use representatives of duplicate sequence clusters (or None) : preserve: None
> Loaded an alignment with 550 sequences and 3315 sites from /athena/melnicklab/users/scratch/agl4001/AOC/results/GnathostomataBCL6/GnathostomataBCL6.SA.codons.cln.fa

There are **547** unique sequences in alignment 
An optional tree file to trim : tree: None
# Loaded config yaml file
# Loaded cluster json file
# Using nucleotide data from: /athena/melnicklab/users/scratch/agl4001/AOC/data/GnathostomataBCL6/BCL6_refseq_transcript.fasta
# Using protein data from: /athena/melnicklab/users/scratch/agl4001/AOC/data/GnathostomataBCL6/BCL6_refseq_protein.fasta
# Using the analysis label: GnathostomataBCL6
# Using the metadata from: /athena/melnicklab/users/scratch/agl4001/AOC/data/GnathostomataBCL6/BCL6_orthologs.csv
# We are operating out of base directory: /athena/melnicklab/users/scratch/agl4001/AOC
# We will create and store results in: /athena/melnicklab/users/scratch/agl4001/AOC/results/GnathostomataBCL6
# Directory '/athena/melnicklab/users/scratch/agl4001/AOC/results' created
# Directory '/athena/melnicklab/users/scratch/agl4001/AOC/results/GnathostomataBCL6' created
# Moving on to processing rules
