
Analysis Description
--------------------
GARD : Genetic Algorithms for Recombination Detection. Implements a
heuristic approach to screening alignments of sequences for
recombination, by using the CHC genetic algorithm to search for
phylogenetic incongruence among different partitions of the data. The
number of partitions is determined using a step-up procedure, while the
placement of breakpoints is searched for with the GA. The best fitting
model (based on c-AIC) is returned; and additional post-hoc tests run to
distinguish topological incongruence from rate-variation. v0.2 adds and
spooling results to JSON after each breakpoint search conclusion

- __Requirements__: A sequence alignment.

- __Citation__: **Automated Phylogenetic Detection of Recombination Using a Genetic
Algorithm**, _Mol Biol Evol 23(10), 1891–1901

- __Written by__: Sergei L Kosakovsky Pond

- __Contact Information__: spond@temple.edu

- __Analysis Version__: 0.2

type: nucleotide
rv: GDD
>Maximum number of breakpoints to consider (permissible range = [1,100000], default value = 10000, integer): max-breakpoints: 10000
>How many site rate classes to use (permissible range = [2,10], default value = 4, integer): rate-classes: 4
mode: Normal
>Loaded a nucleotide multiple sequence alignment with **29** sequences, **3315** sites (1698 of which are variable) from `/athena/melnicklab/users/scratch/agl4001/AOC/results/GnathostomataBCL6/GnathostomataBCL6.RD.SA.codons.cln.fa.cluster.fasta`
>Minimum size of a partition is set to be 55 sites


### Fitting the baseline (single-partition; no breakpoints) model
* Log(L) = -40410.59, AIC-c = 80964.24 (70 estimated parameters)

### Performing an exhaustive single breakpoint analysis
Done with single breakpoint analysis.
   Best single break point location: 278
   c-AIC  = 80679.57486657897

### Performing multi breakpoint analysis using a genetic algorithm
Done with 2 breakpoint analysis.
    Best break point locations: 278, 467
    c-AIC = 80652.01431016867
Done with 3 breakpoint analysis.
    Best break point locations: 278, 1186, 2694
    c-AIC = 80590.0716853115
Done with 4 breakpoint analysis.
    Best break point locations: 278, 1530, 2328, 2702
    c-AIC = 80540.97446029942
Done with 5 breakpoint analysis.
    Best break point locations: 278, 422, 1841, 2342, 2694
    c-AIC = 80522.96177274057
Done with 6 breakpoint analysis.
    Best break point locations: 278, 422, 1801, 1874, 2342, 2694
    c-AIC = 80555.01386768928



# Loaded config yaml file
# Loaded cluster json file
# Using nucleotide data from: /athena/melnicklab/users/scratch/agl4001/AOC/data/GnathostomataBCL6/BCL6_refseq_transcript.fasta
# Using protein data from: /athena/melnicklab/users/scratch/agl4001/AOC/data/GnathostomataBCL6/BCL6_refseq_protein.fasta
# Using the analysis label: GnathostomataBCL6
# Using the metadata from: /athena/melnicklab/users/scratch/agl4001/AOC/data/GnathostomataBCL6/BCL6_orthologs.csv
# We are operating out of base directory: /athena/melnicklab/users/scratch/agl4001/AOC
# We will create and store results in: /athena/melnicklab/users/scratch/agl4001/AOC/results/GnathostomataBCL6
# Directory '/athena/melnicklab/users/scratch/agl4001/AOC/results' created
# Directory '/athena/melnicklab/users/scratch/agl4001/AOC/results/GnathostomataBCL6' created
# Moving on to processing rules
