file : /athena/melnicklab/users/scratch/agl4001/AOC/results/GnathostomataBCL6/GnathostomataBCL6.codons.trim.fa
550	sequences with genetic code	The_Standard_Code
compute initial pairwise distances
......................................................................................................................................................................................................................................................................................................................................................................................................................................................................................................................................................................
compute first alignment with guide tree
+++++++++++++++++++++++++++++++++++++++++++++++++++++++++++++++++++++++++++++++++++++++++++++++++++++++++++++++++++++++++++++++++++++++++++++++++++++++++++++++++++++++++++++++++++++++++++++++++++++++++++++++++++++++++++++++++++++++++++++++++++++++++++++++++++++++++++++++++++++++++++++++++++++++++++++++++++++++++++++++++++++++++++++++++++++++++++++++++++++++++++++++++++++++++++++++++++++++++++++++++++++++++++++++++++++++++++++++++++++++++++++++++++++++++++++++++++++++++++++++++++++++++++++++++++++++++++++++++++++++++++++++++++++++++++++++++++++
first alignment score : -2.01033E7

start refining the alignment
refine 2 cut : sum of pairs ========= 0 => -2.01033E7

The file '/athena/melnicklab/users/scratch/agl4001/AOC/results/GnathostomataBCL6/GnathostomataBCL6.codons.fa' was created.
The file '/athena/melnicklab/users/scratch/agl4001/AOC/results/GnathostomataBCL6/GnathostomataBCL6.aa.fa' was created.
PROGRAM HAS FINISHED SUCCESSFULLY
# Loaded config yaml file
# Loaded cluster json file
# Using nucleotide data from: /athena/melnicklab/users/scratch/agl4001/AOC/data/GnathostomataBCL6/BCL6_refseq_transcript.fasta
# Using protein data from: /athena/melnicklab/users/scratch/agl4001/AOC/data/GnathostomataBCL6/BCL6_refseq_protein.fasta
# Using the analysis label: GnathostomataBCL6
# Using the metadata from: /athena/melnicklab/users/scratch/agl4001/AOC/data/GnathostomataBCL6/BCL6_orthologs.csv
# We are operating out of base directory: /athena/melnicklab/users/scratch/agl4001/AOC
# We will create and store results in: /athena/melnicklab/users/scratch/agl4001/AOC/results/GnathostomataBCL6
# Directory '/athena/melnicklab/users/scratch/agl4001/AOC/results' created
# Directory '/athena/melnicklab/users/scratch/agl4001/AOC/results/GnathostomataBCL6' created
# Moving on to processing rules
