# Loaded config yaml file
# Loaded cluster json file
# Using nucleotide data from: /athena/melnicklab/users/scratch/agl4001/AOC/data/GnathostomataBCL6/BCL6_refseq_transcript.fasta
# Using protein data from: /athena/melnicklab/users/scratch/agl4001/AOC/data/GnathostomataBCL6/BCL6_refseq_protein.fasta
# Using the analysis label: GnathostomataBCL6
# Using the metadata from: /athena/melnicklab/users/scratch/agl4001/AOC/data/GnathostomataBCL6/BCL6_orthologs.csv
# We are operating out of base directory: /athena/melnicklab/users/scratch/agl4001/AOC
# We will create and store results in: /athena/melnicklab/users/scratch/agl4001/AOC/results/GnathostomataBCL6
# Directory '/athena/melnicklab/users/scratch/agl4001/AOC/results' created
# Directory '/athena/melnicklab/users/scratch/agl4001/AOC/results/GnathostomataBCL6' created
# Moving on to processing rules
# 1 Processing transcript accession: NM_001706.5 with NCBI Taxon ID: IntegerElement(9606, attributes={})
# 2 Processing transcript accession: NM_009744.5 with NCBI Taxon ID: IntegerElement(10090, attributes={})
# 3 Processing transcript accession: NM_001107084.1 with NCBI Taxon ID: IntegerElement(10116, attributes={})
# 4 Processing transcript accession: XM_021476813.1 with NCBI Taxon ID: IntegerElement(7955, attributes={})
# 5 Processing transcript accession: NM_001012930.1 with NCBI Taxon ID: IntegerElement(9031, attributes={})
# 6 Processing transcript accession: XM_001158812.6 with NCBI Taxon ID: IntegerElement(9598, attributes={})
# 7 Processing transcript accession: NM_001195404.1 with NCBI Taxon ID: IntegerElement(9615, attributes={})
# 8 Processing transcript accession: NM_001206450.1 with NCBI Taxon ID: IntegerElement(9913, attributes={})
# 9 Processing transcript accession: NM_001261326.2 with NCBI Taxon ID: IntegerElement(9544, attributes={})
# 10 Processing transcript accession: XM_029827596.1 with NCBI Taxon ID: IntegerElement(31033, attributes={})
# 11 Processing transcript accession: XM_001499782.5 with NCBI Taxon ID: IntegerElement(9796, attributes={})
# 12 Processing transcript accession: XM_007669034.3 with NCBI Taxon ID: IntegerElement(9258, attributes={})
# 13 Processing transcript accession: NM_001122806.1 with NCBI Taxon ID: IntegerElement(8364, attributes={})
# 14 Processing transcript accession: NM_001315701.1 with NCBI Taxon ID: IntegerElement(9823, attributes={})
# 15 Processing transcript accession: XM_030279945.3 with NCBI Taxon ID: IntegerElement(59729, attributes={})
# 16 Processing transcript accession: NM_001159790.1 with NCBI Taxon ID: IntegerElement(9601, attributes={})
# 17 Processing transcript accession: XM_002716500.3 with NCBI Taxon ID: IntegerElement(9986, attributes={})
# 18 Processing transcript accession: XM_002758173.4 with NCBI Taxon ID: IntegerElement(9483, attributes={})
# 19 Processing transcript accession: XM_002914804.4 with NCBI Taxon ID: IntegerElement(9646, attributes={})
# 20 Processing transcript accession: XM_010716758.3 with NCBI Taxon ID: IntegerElement(9103, attributes={})
# 21 Processing transcript accession: XM_003229395.2 with NCBI Taxon ID: IntegerElement(28377, attributes={})
# 22 Processing transcript accession: XM_003256638.4 with NCBI Taxon ID: IntegerElement(61853, attributes={})
# 23 Processing transcript accession: XM_003412912.3 with NCBI Taxon ID: IntegerElement(9785, attributes={})
# 24 Processing transcript accession: XM_005451217.4 with NCBI Taxon ID: IntegerElement(8128, attributes={})
# 25 Processing transcript accession: XM_003477082.4 with NCBI Taxon ID: IntegerElement(10141, attributes={})
# 26 Processing transcript accession: XM_007642519.4 with NCBI Taxon ID: IntegerElement(10029, attributes={})
# Error (main): XM_031961105.1 Invalid uid XM_031961105.1 at position= 0 

# 27 Processing transcript accession: XM_003792711.3 with NCBI Taxon ID: IntegerElement(30611, attributes={})
# 28 Processing transcript accession: XM_003824955.5 with NCBI Taxon ID: IntegerElement(9597, attributes={})
# 29 Processing transcript accession: XM_021934975.2 with NCBI Taxon ID: IntegerElement(9555, attributes={})
# 30 Processing transcript accession: XM_003927003.3 with NCBI Taxon ID: IntegerElement(39432, attributes={})
# 31 Processing transcript accession: XM_003991804.5 with NCBI Taxon ID: IntegerElement(9685, attributes={})
# 32 Processing transcript accession: XM_004003049.6 with NCBI Taxon ID: IntegerElement(9940, attributes={})
# 33 Processing transcript accession: XM_004038190.4 with NCBI Taxon ID: IntegerElement(9595, attributes={})
# 34 Processing transcript accession: XM_020702639.2 with NCBI Taxon ID: IntegerElement(8090, attributes={})
# 35 Processing transcript accession: XM_004278482.4 with NCBI Taxon ID: IntegerElement(9733, attributes={})
# 36 Processing transcript accession: XM_004329316.3 with NCBI Taxon ID: IntegerElement(9739, attributes={})
# 37 Processing transcript accession: XM_004382238.2 with NCBI Taxon ID: IntegerElement(127582, attributes={})
# 38 Processing transcript accession: XM_004413428.1 with NCBI Taxon ID: IntegerElement(9708, attributes={})
# 39 Processing transcript accession: XM_004424584.2 with NCBI Taxon ID: IntegerElement(73337, attributes={})
# 40 Processing transcript accession: XM_012528483.3 with NCBI Taxon ID: IntegerElement(9361, attributes={})
# 41 Processing transcript accession: XM_004552837.5 with NCBI Taxon ID: IntegerElement(106582, attributes={})
# 42 Processing transcript accession: XM_004577776.3 with NCBI Taxon ID: IntegerElement(9978, attributes={})
# 43 Processing transcript accession: XM_004603016.2 with NCBI Taxon ID: IntegerElement(42254, attributes={})
# 44 Processing transcript accession: XM_023700946.1 with NCBI Taxon ID: IntegerElement(10160, attributes={})
# 45 Processing transcript accession: XM_004654283.2 with NCBI Taxon ID: IntegerElement(51337, attributes={})
# 46 Processing transcript accession: XM_004675085.2 with NCBI Taxon ID: IntegerElement(143302, attributes={})
# 47 Processing transcript accession: XM_004713406.2 with NCBI Taxon ID: IntegerElement(9371, attributes={})
# 48 Processing transcript accession: XM_004745232.3 with NCBI Taxon ID: IntegerElement(9669, attributes={})
# 49 Processing transcript accession: XM_004834799.3 with NCBI Taxon ID: IntegerElement(10181, attributes={})
# 50 Processing transcript accession: XM_027464090.2 with NCBI Taxon ID: IntegerElement(8839, attributes={})
# 51 Processing transcript accession: XM_005051112.2 with NCBI Taxon ID: IntegerElement(59894, attributes={})
# 52 Processing transcript accession: XM_005071603.4 with NCBI Taxon ID: IntegerElement(10036, attributes={})
# 53 Processing transcript accession: XM_031043007.2 with NCBI Taxon ID: IntegerElement(13146, attributes={})
# 54 Processing transcript accession: XM_013299395.3 with NCBI Taxon ID: IntegerElement(8954, attributes={})
# 55 Processing transcript accession: XM_042843888.1 with NCBI Taxon ID: IntegerElement(8478, attributes={})
# 56 Processing transcript accession: XM_005330983.3 with NCBI Taxon ID: IntegerElement(43179, attributes={})
# 57 Processing transcript accession: XM_005344763.2 with NCBI Taxon ID: IntegerElement(79684, attributes={})
# 58 Processing transcript accession: XM_005383244.2 with NCBI Taxon ID: IntegerElement(34839, attributes={})
# 59 Processing transcript accession: XM_005418963.1 with NCBI Taxon ID: IntegerElement(48883, attributes={})
# 60 Processing transcript accession: XM_014283621.3 with NCBI Taxon ID: IntegerElement(345164, attributes={})
# 61 Processing transcript accession: XM_005484910.3 with NCBI Taxon ID: IntegerElement(44394, attributes={})
# 62 Processing transcript accession: XM_005513218.2 with NCBI Taxon ID: IntegerElement(8932, attributes={})
# 63 Processing transcript accession: XM_005524990.2 with NCBI Taxon ID: IntegerElement(181119, attributes={})
# 64 Processing transcript accession: XM_005545439.3 with NCBI Taxon ID: IntegerElement(9541, attributes={})
# 65 Processing transcript accession: XM_005675136.3 with NCBI Taxon ID: IntegerElement(9925, attributes={})
# 66 Processing transcript accession: XM_005727170.1 with NCBI Taxon ID: IntegerElement(303518, attributes={})
# 67 Processing transcript accession: XM_023339719.1 with NCBI Taxon ID: IntegerElement(8083, attributes={})
# 68 Processing transcript accession: XM_005876266.2 with NCBI Taxon ID: IntegerElement(109478, attributes={})
# 69 Processing transcript accession: XM_005899653.2 with NCBI Taxon ID: IntegerElement(72004, attributes={})
# 70 Processing transcript accession: XM_005919733.3 with NCBI Taxon ID: IntegerElement(8153, attributes={})
# 71 Processing transcript accession: XM_005992451.2 with NCBI Taxon ID: IntegerElement(7897, attributes={})
# 72 Processing transcript accession: XM_006022414.3 with NCBI Taxon ID: IntegerElement(38654, attributes={})
# 73 Processing transcript accession: XM_006068967.3 with NCBI Taxon ID: IntegerElement(89462, attributes={})
# 74 Processing transcript accession: XM_006084784.3 with NCBI Taxon ID: IntegerElement(59463, attributes={})
# 75 Processing transcript accession: XM_006122212.3 with NCBI Taxon ID: IntegerElement(13735, attributes={})
# 76 Processing transcript accession: XM_006156730.3 with NCBI Taxon ID: IntegerElement(246437, attributes={})
# 77 Processing transcript accession: XM_006188853.3 with NCBI Taxon ID: IntegerElement(419612, attributes={})
# 78 Processing transcript accession: XM_006200974.3 with NCBI Taxon ID: IntegerElement(30538, attributes={})
# 79 Processing transcript accession: XM_019499053.2 with NCBI Taxon ID: IntegerElement(8496, attributes={})
# 80 Processing transcript accession: XM_015361246.1 with NCBI Taxon ID: IntegerElement(7918, attributes={})
# 81 Processing transcript accession: XM_006737223.2 with NCBI Taxon ID: IntegerElement(9713, attributes={})
# 82 Processing transcript accession: XM_006765857.2 with NCBI Taxon ID: IntegerElement(225400, attributes={})
# 83 Processing transcript accession: XM_006790415.2 with NCBI Taxon ID: IntegerElement(32507, attributes={})
# 84 Processing transcript accession: XM_006871885.1 with NCBI Taxon ID: IntegerElement(185453, attributes={})
# 85 Processing transcript accession: XM_006925831.3 with NCBI Taxon ID: IntegerElement(9402, attributes={})
# 86 Processing transcript accession: XM_006985077.2 with NCBI Taxon ID: IntegerElement(230844, attributes={})
# 87 Processing transcript accession: XM_027820257.3 with NCBI Taxon ID: IntegerElement(8469, attributes={})
# 88 Processing transcript accession: XM_007083564.2 with NCBI Taxon ID: IntegerElement(9694, attributes={})
# 89 Processing transcript accession: XM_028492096.1 with NCBI Taxon ID: IntegerElement(9755, attributes={})
# 90 Processing transcript accession: XM_007195227.3 with NCBI Taxon ID: IntegerElement(9767, attributes={})
# 91 Processing transcript accession: XM_007253672.3 with NCBI Taxon ID: IntegerElement(7994, attributes={})
# 92 Processing transcript accession: XM_007443483.3 with NCBI Taxon ID: IntegerElement(176946, attributes={})
# 93 Processing transcript accession: XM_007448427.1 with NCBI Taxon ID: IntegerElement(118797, attributes={})
# 94 Processing transcript accession: XM_007532729.3 with NCBI Taxon ID: IntegerElement(9365, attributes={})
# 95 Processing transcript accession: XM_016681390.1 with NCBI Taxon ID: IntegerElement(48698, attributes={})
# 96 Processing transcript accession: XM_042339305.1 with NCBI Taxon ID: IntegerElement(7868, attributes={})
# 97 Processing transcript accession: XM_007935999.1 with NCBI Taxon ID: IntegerElement(1230840, attributes={})
# 98 Processing transcript accession: XM_008009504.2 with NCBI Taxon ID: IntegerElement(60711, attributes={})
# 99 Processing transcript accession: XM_008058479.1 with NCBI Taxon ID: IntegerElement(1868482, attributes={})
# 100 Processing transcript accession: XM_008151582.3 with NCBI Taxon ID: IntegerElement(29078, attributes={})
# 101 Processing transcript accession: XM_008277532.1 with NCBI Taxon ID: IntegerElement(144197, attributes={})
# 102 Processing transcript accession: XM_025054239.1 with NCBI Taxon ID: IntegerElement(244447, attributes={})
# 103 Processing transcript accession: XM_008407674.2 with NCBI Taxon ID: IntegerElement(8081, attributes={})
# 104 Processing transcript accession: XM_030456630.1 with NCBI Taxon ID: IntegerElement(9244, attributes={})
# 105 Processing transcript accession: XM_008529681.1 with NCBI Taxon ID: IntegerElement(9798, attributes={})
# 106 Processing transcript accession: XM_008580059.1 with NCBI Taxon ID: IntegerElement(482537, attributes={})
# 107 Processing transcript accession: XM_008644564.2 with NCBI Taxon ID: IntegerElement(85066, attributes={})
# 108 Processing transcript accession: XM_008705170.2 with NCBI Taxon ID: IntegerElement(29073, attributes={})
# 109 Processing transcript accession: XM_008839673.3 with NCBI Taxon ID: IntegerElement(1026970, attributes={})
# 110 Processing transcript accession: XM_018075001.2 with NCBI Taxon ID: IntegerElement(328815, attributes={})
# 111 Processing transcript accession: XM_008947051.1 with NCBI Taxon ID: IntegerElement(57421, attributes={})
# 112 Processing transcript accession: XM_009074077.1 with NCBI Taxon ID: IntegerElement(57068, attributes={})
# 113 Processing transcript accession: XM_009089135.4 with NCBI Taxon ID: IntegerElement(9135, attributes={})
# 114 Processing transcript accession: XM_009282362.1 with NCBI Taxon ID: IntegerElement(9233, attributes={})
# 115 Processing transcript accession: XM_009323587.1 with NCBI Taxon ID: IntegerElement(9238, attributes={})
# 116 Processing transcript accession: XM_009468446.1 with NCBI Taxon ID: IntegerElement(128390, attributes={})
# 117 Processing transcript accession: XM_009481748.1 with NCBI Taxon ID: IntegerElement(36300, attributes={})
# 118 Processing transcript accession: XM_009504770.1 with NCBI Taxon ID: IntegerElement(9209, attributes={})
# 119 Processing transcript accession: XM_054074606.1 with NCBI Taxon ID: IntegerElement(55661, attributes={})
# 120 Processing transcript accession: XM_035891225.1 with NCBI Taxon ID: IntegerElement(188379, attributes={})
# 121 Processing transcript accession: XM_009682141.1 with NCBI Taxon ID: IntegerElement(441894, attributes={})
# 122 Processing transcript accession: XM_009694626.1 with NCBI Taxon ID: IntegerElement(54380, attributes={})
# 123 Processing transcript accession: XM_059822429.1 with NCBI Taxon ID: IntegerElement(37040, attributes={})
# 124 Processing transcript accession: XM_009871847.1 with NCBI Taxon ID: IntegerElement(57397, attributes={})
# 125 Processing transcript accession: XM_009883356.1 with NCBI Taxon ID: IntegerElement(50402, attributes={})
# 126 Processing transcript accession: XM_054166360.1 with NCBI Taxon ID: IntegerElement(118200, attributes={})
# 127 Processing transcript accession: XM_009916919.1 with NCBI Taxon ID: IntegerElement(8969, attributes={})
# 128 Processing transcript accession: XM_009931663.1 with NCBI Taxon ID: IntegerElement(30419, attributes={})
# 129 Processing transcript accession: XM_009955720.1 with NCBI Taxon ID: IntegerElement(188344, attributes={})
# 130 Processing transcript accession: XM_042795784.1 with NCBI Taxon ID: IntegerElement(56313, attributes={})
# 131 Processing transcript accession: XM_009989835.1 with NCBI Taxon ID: IntegerElement(121530, attributes={})
# 132 Processing transcript accession: XM_009999825.1 with NCBI Taxon ID: IntegerElement(8897, attributes={})
# 133 Processing transcript accession: XM_010022513.1 with NCBI Taxon ID: IntegerElement(176057, attributes={})
# 134 Processing transcript accession: XM_010078249.1 with NCBI Taxon ID: IntegerElement(240206, attributes={})
# 135 Processing transcript accession: XM_010126623.1 with NCBI Taxon ID: IntegerElement(187382, attributes={})
# 136 Processing transcript accession: XM_010137261.1 with NCBI Taxon ID: IntegerElement(175836, attributes={})
# 137 Processing transcript accession: XM_010152391.1 with NCBI Taxon ID: IntegerElement(54383, attributes={})
# 138 Processing transcript accession: XM_010177271.1 with NCBI Taxon ID: IntegerElement(279965, attributes={})
# 139 Processing transcript accession: XM_010178553.1 with NCBI Taxon ID: IntegerElement(54374, attributes={})
# 140 Processing transcript accession: XM_010200133.1 with NCBI Taxon ID: IntegerElement(57412, attributes={})
# 141 Processing transcript accession: XM_010224385.1 with NCBI Taxon ID: IntegerElement(94827, attributes={})
# 142 Processing transcript accession: XM_010287479.1 with NCBI Taxon ID: IntegerElement(97097, attributes={})
# 143 Processing transcript accession: XM_010307076.1 with NCBI Taxon ID: IntegerElement(100784, attributes={})
# 144 Processing transcript accession: XM_010352590.2 with NCBI Taxon ID: IntegerElement(61622, attributes={})
# 145 Processing transcript accession: XM_039556923.1 with NCBI Taxon ID: IntegerElement(932674, attributes={})
# 146 Processing transcript accession: XM_010573059.1 with NCBI Taxon ID: IntegerElement(52644, attributes={})
# 147 Processing transcript accession: XM_010624136.3 with NCBI Taxon ID: IntegerElement(885580, attributes={})
# 148 Processing transcript accession: XM_019275343.2 with NCBI Taxon ID: IntegerElement(215358, attributes={})
# 149 Processing transcript accession: XM_010793958.1 with NCBI Taxon ID: IntegerElement(8208, attributes={})
# 150 Processing transcript accession: XM_010853923.1 with NCBI Taxon ID: IntegerElement(43346, attributes={})
# 151 Processing transcript accession: XM_020048703.3 with NCBI Taxon ID: IntegerElement(8010, attributes={})
# 152 Processing transcript accession: XM_010959232.2 with NCBI Taxon ID: IntegerElement(9837, attributes={})
# 153 Processing transcript accession: XM_010976122.2 with NCBI Taxon ID: IntegerElement(9838, attributes={})
# 154 Processing transcript accession: XM_011381764.2 with NCBI Taxon ID: IntegerElement(132908, attributes={})
# 155 Processing transcript accession: XM_011723157.1 with NCBI Taxon ID: IntegerElement(9545, attributes={})
# 156 Processing transcript accession: XM_011961599.1 with NCBI Taxon ID: IntegerElement(336983, attributes={})
# 157 Processing transcript accession: XM_011999881.1 with NCBI Taxon ID: IntegerElement(9568, attributes={})
# 158 Processing transcript accession: XM_012036866.1 with NCBI Taxon ID: IntegerElement(9531, attributes={})
# 159 Processing transcript accession: XM_012470870.2 with NCBI Taxon ID: IntegerElement(37293, attributes={})
# 160 Processing transcript accession: XM_012641605.1 with NCBI Taxon ID: IntegerElement(379532, attributes={})
# 161 Processing transcript accession: XM_012789614.2 with NCBI Taxon ID: IntegerElement(30608, attributes={})
# 162 Processing transcript accession: XM_012861185.3 with NCBI Taxon ID: IntegerElement(8078, attributes={})
# 163 Processing transcript accession: XM_013019440.1 with NCBI Taxon ID: IntegerElement(10020, attributes={})
# 164 Processing transcript accession: XM_013195024.2 with NCBI Taxon ID: IntegerElement(8845, attributes={})
# 165 Processing transcript accession: XM_013959387.1 with NCBI Taxon ID: IntegerElement(202946, attributes={})
# 166 Processing transcript accession: XM_014022352.1 with NCBI Taxon ID: IntegerElement(52670, attributes={})
# 167 Processing transcript accession: XM_014074904.1 with NCBI Taxon ID: IntegerElement(35019, attributes={})
# 168 Processing transcript accession: XM_014149659.2 with NCBI Taxon ID: IntegerElement(8030, attributes={})
# 169 Processing transcript accession: XM_014843366.2 with NCBI Taxon ID: IntegerElement(9793, attributes={})
# 170 Processing transcript accession: XM_014871676.1 with NCBI Taxon ID: IntegerElement(9172, attributes={})
# 171 Processing transcript accession: XM_014946016.1 with NCBI Taxon ID: IntegerElement(198806, attributes={})
# 172 Processing transcript accession: XM_014974497.1 with NCBI Taxon ID: IntegerElement(48701, attributes={})
# 173 Processing transcript accession: XM_015035952.1 with NCBI Taxon ID: IntegerElement(48699, attributes={})
# 174 Processing transcript accession: XM_027061206.2 with NCBI Taxon ID: IntegerElement(32536, attributes={})
# 175 Processing transcript accession: XM_015380994.1 with NCBI Taxon ID: IntegerElement(28743, attributes={})
# 176 Processing transcript accession: XM_015415233.1 with NCBI Taxon ID: IntegerElement(146911, attributes={})
# 177 Processing transcript accession: XM_015499981.2 with NCBI Taxon ID: IntegerElement(9994, attributes={})
# 178 Processing transcript accession: XM_015638187.2 with NCBI Taxon ID: IntegerElement(9157, attributes={})
# 179 Processing transcript accession: XM_029286451.1 with NCBI Taxon ID: IntegerElement(103944, attributes={})
# 180 Processing transcript accession: XM_015871823.2 with NCBI Taxon ID: IntegerElement(93934, attributes={})
# 181 Processing transcript accession: XM_015962367.2 with NCBI Taxon ID: IntegerElement(105023, attributes={})
# 182 Processing transcript accession: XM_016136294.2 with NCBI Taxon ID: IntegerElement(9407, attributes={})
# 183 Processing transcript accession: XM_016200065.1 with NCBI Taxon ID: IntegerElement(291302, attributes={})
# 184 Processing transcript accession: XM_016279547.1 with NCBI Taxon ID: IntegerElement(75366, attributes={})
# 185 Processing transcript accession: XM_016497228.1 with NCBI Taxon ID: IntegerElement(1608454, attributes={})
# 186 Processing transcript accession: XM_017423539.3 with NCBI Taxon ID: IntegerElement(37003, attributes={})
# 187 Processing transcript accession: XM_017479519.3 with NCBI Taxon ID: IntegerElement(7998, attributes={})
# 188 Processing transcript accession: XM_017549580.2 with NCBI Taxon ID: IntegerElement(2715852, attributes={})
# 189 Processing transcript accession: XM_017652474.2 with NCBI Taxon ID: IntegerElement(9974, attributes={})
# 190 Processing transcript accession: XM_017698025.2 with NCBI Taxon ID: IntegerElement(42514, attributes={})
# 191 Processing transcript accession: XM_017810751.1 with NCBI Taxon ID: IntegerElement(321398, attributes={})
# 192 Processing transcript accession: XM_017873414.1 with NCBI Taxon ID: IntegerElement(61621, attributes={})
# 193 Processing transcript accession: XM_018576401.1 with NCBI Taxon ID: IntegerElement(125878, attributes={})
# 194 Processing transcript accession: XM_051077504.1 with NCBI Taxon ID: IntegerElement(8187, attributes={})
# 195 Processing transcript accession: XM_018757236.2 with NCBI Taxon ID: IntegerElement(113540, attributes={})
# 196 Processing transcript accession: XM_042758254.1 with NCBI Taxon ID: IntegerElement(7962, attributes={})
# 197 Processing transcript accession: XM_019463479.2 with NCBI Taxon ID: IntegerElement(9691, attributes={})
# 198 Processing transcript accession: XM_019503469.1 with NCBI Taxon ID: IntegerElement(94835, attributes={})
# 199 Processing transcript accession: XM_019532901.1 with NCBI Taxon ID: IntegerElement(8502, attributes={})
# 200 Processing transcript accession: XM_019623501.1 with NCBI Taxon ID: IntegerElement(186990, attributes={})
# 201 Processing transcript accession: XM_019897175.1 with NCBI Taxon ID: IntegerElement(109280, attributes={})
# 202 Processing transcript accession: XM_019958254.1 with NCBI Taxon ID: IntegerElement(9915, attributes={})
# 203 Processing transcript accession: XM_020080689.1 with NCBI Taxon ID: IntegerElement(8255, attributes={})
# 204 Processing transcript accession: XM_020186340.1 with NCBI Taxon ID: IntegerElement(51338, attributes={})
# 205 Processing transcript accession: XM_020610089.1 with NCBI Taxon ID: IntegerElement(43700, attributes={})
# 206 Processing transcript accession: XM_020632593.2 with NCBI Taxon ID: IntegerElement(56723, attributes={})
# 207 Processing transcript accession: XM_020815801.1 with NCBI Taxon ID: IntegerElement(103695, attributes={})
# 208 Processing transcript accession: XM_020870057.1 with NCBI Taxon ID: IntegerElement(9880, attributes={})
# 209 Processing transcript accession: XM_055165243.1 with NCBI Taxon ID: IntegerElement(150288, attributes={})
# 210 Processing transcript accession: XM_020989033.1 with NCBI Taxon ID: IntegerElement(38626, attributes={})
# 211 Processing transcript accession: XM_021185003.1 with NCBI Taxon ID: IntegerElement(10089, attributes={})
# 212 Processing transcript accession: XM_021209834.2 with NCBI Taxon ID: IntegerElement(10093, attributes={})
# 213 Processing transcript accession: XM_021395682.1 with NCBI Taxon ID: IntegerElement(8996, attributes={})
# 214 Processing transcript accession: XM_021536835.2 with NCBI Taxon ID: IntegerElement(299123, attributes={})
# 215 Processing transcript accession: XM_036981292.1 with NCBI Taxon ID: IntegerElement(8022, attributes={})
# 216 Processing transcript accession: XM_021635127.2 with NCBI Taxon ID: IntegerElement(10047, attributes={})
# 217 Processing transcript accession: XM_021692738.1 with NCBI Taxon ID: IntegerElement(29088, attributes={})
# 218 Processing transcript accession: XM_022199642.2 with NCBI Taxon ID: IntegerElement(80966, attributes={})
# 219 Processing transcript accession: XM_022509924.1 with NCBI Taxon ID: IntegerElement(391180, attributes={})
# 220 Processing transcript accession: XM_022569851.2 with NCBI Taxon ID: IntegerElement(9749, attributes={})
# 221 Processing transcript accession: XM_022759406.1 with NCBI Taxon ID: IntegerElement(41447, attributes={})
# 222 Processing transcript accession: XM_023214729.3 with NCBI Taxon ID: IntegerElement(591936, attributes={})
# 223 Processing transcript accession: XM_035947167.2 with NCBI Taxon ID: IntegerElement(80972, attributes={})
# 224 Processing transcript accession: XM_023425969.1 with NCBI Taxon ID: IntegerElement(1841481, attributes={})
# 225 Processing transcript accession: XM_023948655.1 with NCBI Taxon ID: IntegerElement(156563, attributes={})
# 226 Processing transcript accession: XM_024138835.1 with NCBI Taxon ID: IntegerElement(8036, attributes={})
# 227 Processing transcript accession: XM_024202388.3 with NCBI Taxon ID: IntegerElement(2587831, attributes={})
# 228 Processing transcript accession: XM_024279113.2 with NCBI Taxon ID: IntegerElement(30732, attributes={})
# 229 Processing transcript accession: XM_024564607.3 with NCBI Taxon ID: IntegerElement(9430, attributes={})
# 230 Processing transcript accession: XM_024767173.1 with NCBI Taxon ID: IntegerElement(1706337, attributes={})
# 231 Processing transcript accession: XM_025376066.1 with NCBI Taxon ID: IntegerElement(9565, attributes={})
# 232 Processing transcript accession: XM_025425325.3 with NCBI Taxon ID: IntegerElement(286419, attributes={})
# 233 Processing transcript accession: XM_025876825.1 with NCBI Taxon ID: IntegerElement(34884, attributes={})
# 234 Processing transcript accession: XM_025913303.1 with NCBI Taxon ID: IntegerElement(9696, attributes={})
# 235 Processing transcript accession: XM_026007351.1 with NCBI Taxon ID: IntegerElement(9627, attributes={})
# 236 Processing transcript accession: XM_026045158.1 with NCBI Taxon ID: IntegerElement(30464, attributes={})
# 237 Processing transcript accession: XM_026070890.1 with NCBI Taxon ID: IntegerElement(308060, attributes={})
# 238 Processing transcript accession: XM_026093522.1 with NCBI Taxon ID: IntegerElement(8790, attributes={})
# 239 Processing transcript accession: XM_026158664.1 with NCBI Taxon ID: IntegerElement(8154, attributes={})
# 240 Processing transcript accession: XM_026213780.1 with NCBI Taxon ID: IntegerElement(7957, attributes={})
# 241 Processing transcript accession: XM_026304847.1 with NCBI Taxon ID: IntegerElement(205130, attributes={})
# 242 Processing transcript accession: XM_026345503.1 with NCBI Taxon ID: IntegerElement(64144, attributes={})
# 243 Processing transcript accession: XM_026389338.1 with NCBI Taxon ID: IntegerElement(9999, attributes={})
# 244 Processing transcript accession: XM_026496652.4 with NCBI Taxon ID: IntegerElement(9644, attributes={})
# 245 Processing transcript accession: XM_026692542.1 with NCBI Taxon ID: IntegerElement(8663, attributes={})
# 246 Processing transcript accession: XM_026722355.1 with NCBI Taxon ID: IntegerElement(8673, attributes={})
# 247 Processing transcript accession: XM_026854934.1 with NCBI Taxon ID: IntegerElement(194338, attributes={})
# 248 Processing transcript accession: XM_026923309.3 with NCBI Taxon ID: IntegerElement(310915, attributes={})
# 249 Processing transcript accession: XM_027007709.2 with NCBI Taxon ID: IntegerElement(8005, attributes={})
# 250 Processing transcript accession: XM_027109106.1 with NCBI Taxon ID: IntegerElement(90247, attributes={})
# 251 Processing transcript accession: XM_027146647.2 with NCBI Taxon ID: IntegerElement(1234273, attributes={})
# 252 Processing transcript accession: XM_027538429.1 with NCBI Taxon ID: IntegerElement(30522, attributes={})
# 253 Processing transcript accession: XM_027586844.2 with NCBI Taxon ID: IntegerElement(9704, attributes={})
# 254 Processing transcript accession: XM_027647270.1 with NCBI Taxon ID: IntegerElement(415028, attributes={})
# 255 Processing transcript accession: XM_027685552.1 with NCBI Taxon ID: IntegerElement(114329, attributes={})
# 256 Processing transcript accession: XM_027848751.1 with NCBI Taxon ID: IntegerElement(29139, attributes={})
# 257 Processing transcript accession: XM_027884016.1 with NCBI Taxon ID: IntegerElement(164674, attributes={})
# 258 Processing transcript accession: XM_027951450.1 with NCBI Taxon ID: IntegerElement(93162, attributes={})
# 259 Processing transcript accession: XM_028027665.1 with NCBI Taxon ID: IntegerElement(32473, attributes={})
# 260 Processing transcript accession: XM_028100879.1 with NCBI Taxon ID: IntegerElement(34886, attributes={})
# 261 Processing transcript accession: XM_028404182.1 with NCBI Taxon ID: IntegerElement(210632, attributes={})
# 262 Processing transcript accession: XM_028445322.1 with NCBI Taxon ID: IntegerElement(441366, attributes={})
# 263 Processing transcript accession: XM_028505290.2 with NCBI Taxon ID: IntegerElement(89673, attributes={})
# 264 Processing transcript accession: XM_028587511.1 with NCBI Taxon ID: IntegerElement(8167, attributes={})
# 265 Processing transcript accession: XM_028731855.1 with NCBI Taxon ID: IntegerElement(64176, attributes={})
# 266 Processing transcript accession: XM_028783879.1 with NCBI Taxon ID: IntegerElement(491861, attributes={})
# 267 Processing transcript accession: XM_028795022.2 with NCBI Taxon ID: IntegerElement(27687, attributes={})
# 268 Processing transcript accession: XM_028875191.2 with NCBI Taxon ID: IntegerElement(10041, attributes={})
# 269 Processing transcript accession: XM_029001835.1 with NCBI Taxon ID: IntegerElement(299321, attributes={})
# 270 Processing transcript accession: XM_029148402.3 with NCBI Taxon ID: IntegerElement(158456, attributes={})
# 271 Processing transcript accession: XM_029214429.1 with NCBI Taxon ID: IntegerElement(40151, attributes={})
# 272 Processing transcript accession: XM_029429357.1 with NCBI Taxon ID: IntegerElement(56716, attributes={})
# 273 Processing transcript accession: XM_029500813.1 with NCBI Taxon ID: IntegerElement(173247, attributes={})
# 274 Processing transcript accession: XM_029615870.1 with NCBI Taxon ID: IntegerElement(194408, attributes={})
# 275 Processing transcript accession: XM_029653911.1 with NCBI Taxon ID: IntegerElement(8023, attributes={})
# 276 Processing transcript accession: XM_029695388.1 with NCBI Taxon ID: IntegerElement(8032, attributes={})
# 277 Processing transcript accession: XM_029939648.1 with NCBI Taxon ID: IntegerElement(37032, attributes={})
# 278 Processing transcript accession: XM_030028623.2 with NCBI Taxon ID: IntegerElement(223781, attributes={})
# 279 Processing transcript accession: XM_030048854.1 with NCBI Taxon ID: IntegerElement(586833, attributes={})
# 280 Processing transcript accession: XM_030082705.1 with NCBI Taxon ID: IntegerElement(181472, attributes={})
# 281 Processing transcript accession: XM_030131541.1 with NCBI Taxon ID: IntegerElement(375764, attributes={})
# 282 Processing transcript accession: XM_030217229.1 with NCBI Taxon ID: IntegerElement(1415580, attributes={})
# 283 Processing transcript accession: XM_030329048.1 with NCBI Taxon ID: IntegerElement(61383, attributes={})
# 284 Processing transcript accession: XM_030372202.1 with NCBI Taxon ID: IntegerElement(8049, attributes={})
# 285 Processing transcript accession: XM_030434266.1 with NCBI Taxon ID: IntegerElement(8175, attributes={})
# 286 Processing transcript accession: XM_030493774.1 with NCBI Taxon ID: IntegerElement(2489341, attributes={})
# 287 Processing transcript accession: XM_030575506.1 with NCBI Taxon ID: IntegerElement(1825980, attributes={})
# 288 Processing transcript accession: XM_030727902.1 with NCBI Taxon ID: IntegerElement(63155, attributes={})
# 289 Processing transcript accession: XM_030791273.1 with NCBI Taxon ID: IntegerElement(29144, attributes={})
# 290 Processing transcript accession: XM_030860993.2 with NCBI Taxon ID: IntegerElement(9731, attributes={})
# 291 Processing transcript accession: XM_030954612.1 with NCBI Taxon ID: IntegerElement(87175, attributes={})
# 292 Processing transcript accession: XM_031311789.2 with NCBI Taxon ID: IntegerElement(283035, attributes={})
# 293 Processing transcript accession: XM_031363528.1 with NCBI Taxon ID: IntegerElement(35658, attributes={})
# 294 Processing transcript accession: XM_031603433.1 with NCBI Taxon ID: IntegerElement(9054, attributes={})
# 295 Processing transcript accession: XM_039607473.1 with NCBI Taxon ID: IntegerElement(47969, attributes={})
# 296 Processing transcript accession: XM_031873022.1 with NCBI Taxon ID: IntegerElement(433405, attributes={})
# 297 Processing transcript accession: XM_032119623.1 with NCBI Taxon ID: IntegerElement(1196302, attributes={})
# 298 Processing transcript accession: XM_032171886.2 with NCBI Taxon ID: IntegerElement(81572, attributes={})
# 299 Processing transcript accession: XM_032193365.1 with NCBI Taxon ID: IntegerElement(219594, attributes={})
# 300 Processing transcript accession: XM_032298276.1 with NCBI Taxon ID: IntegerElement(9515, attributes={})
# 301 Processing transcript accession: XM_032337960.1 with NCBI Taxon ID: IntegerElement(36723, attributes={})
# 302 Processing transcript accession: XM_032406925.1 with NCBI Taxon ID: IntegerElement(9720, attributes={})
# 303 Processing transcript accession: XM_032526238.1 with NCBI Taxon ID: IntegerElement(54343, attributes={})
# 304 Processing transcript accession: XM_032572011.1 with NCBI Taxon ID: IntegerElement(8084, attributes={})
# 305 Processing transcript accession: XM_032629847.1 with NCBI Taxon ID: IntegerElement(42100, attributes={})
# 306 Processing transcript accession: XM_032697882.1 with NCBI Taxon ID: IntegerElement(296741, attributes={})
# 307 Processing transcript accession: XM_032777303.1 with NCBI Taxon ID: IntegerElement(106734, attributes={})
# 308 Processing transcript accession: XM_032875618.1 with NCBI Taxon ID: IntegerElement(76717, attributes={})
# 309 Processing transcript accession: XM_032900038.1 with NCBI Taxon ID: IntegerElement(10117, attributes={})
# 310 Processing transcript accession: XM_033031677.1 with NCBI Taxon ID: IntegerElement(386614, attributes={})
# 311 Processing transcript accession: XM_033068987.1 with NCBI Taxon ID: IntegerElement(91951, attributes={})
# 312 Processing transcript accession: XM_033123804.1 with NCBI Taxon ID: IntegerElement(59479, attributes={})
# 313 Processing transcript accession: XM_033150913.1 with NCBI Taxon ID: IntegerElement(80427, attributes={})
# 314 Processing transcript accession: XM_033213029.1 with NCBI Taxon ID: IntegerElement(54180, attributes={})
# 315 Processing transcript accession: XM_033622129.1 with NCBI Taxon ID: IntegerElement(310571, attributes={})
# 316 Processing transcript accession: XM_033958273.1 with NCBI Taxon ID: IntegerElement(260995, attributes={})
# 317 Processing transcript accession: XM_033991953.2 with NCBI Taxon ID: IntegerElement(409849, attributes={})
# 318 Processing transcript accession: XM_034080580.1 with NCBI Taxon ID: IntegerElement(52239, attributes={})
# 319 Processing transcript accession: XM_034140934.1 with NCBI Taxon ID: IntegerElement(40690, attributes={})
# 320 Processing transcript accession: XM_034180673.1 with NCBI Taxon ID: IntegerElement(390379, attributes={})
# 321 Processing transcript accession: XM_034235585.1 with NCBI Taxon ID: IntegerElement(8218, attributes={})
# 322 Processing transcript accession: XM_060684758.1 with NCBI Taxon ID: IntegerElement(94885, attributes={})
# 323 Processing transcript accession: XM_034515149.1 with NCBI Taxon ID: IntegerElement(61156, attributes={})
# 324 Processing transcript accession: XM_034530412.1 with NCBI Taxon ID: IntegerElement(8103, attributes={})
# 325 Processing transcript accession: XM_034583216.1 with NCBI Taxon ID: IntegerElement(8267, attributes={})
# 326 Processing transcript accession: XM_034677856.1 with NCBI Taxon ID: IntegerElement(1203425, attributes={})
# 327 Processing transcript accession: XM_034781618.1 with NCBI Taxon ID: IntegerElement(31138, attributes={})
# 328 Processing transcript accession: XM_034880412.1 with NCBI Taxon ID: IntegerElement(417921, attributes={})
# 329 Processing transcript accession: XM_034999803.1 with NCBI Taxon ID: IntegerElement(9715, attributes={})
# 330 Processing transcript accession: XM_060274244.1 with NCBI Taxon ID: IntegerElement(8524, attributes={})
# 331 Processing transcript accession: XM_035176387.2 with NCBI Taxon ID: IntegerElement(195615, attributes={})
# 332 Processing transcript accession: XM_035334598.1 with NCBI Taxon ID: IntegerElement(8884, attributes={})
# 333 Processing transcript accession: XM_035415838.1 with NCBI Taxon ID: IntegerElement(7936, attributes={})
# 334 Processing transcript accession: XM_035544604.2 with NCBI Taxon ID: IntegerElement(8868, attributes={})
# 335 Processing transcript accession: XM_035647013.2 with NCBI Taxon ID: IntegerElement(52904, attributes={})
# 336 Processing transcript accession: XM_035652989.1 with NCBI Taxon ID: IntegerElement(34816, attributes={})
# 337 Processing transcript accession: XM_052475645.1 with NCBI Taxon ID: IntegerElement(8018, attributes={})
# 338 Processing transcript accession: XM_036109792.1 with NCBI Taxon ID: IntegerElement(9711, attributes={})
# 339 Processing transcript accession: XM_036203807.1 with NCBI Taxon ID: IntegerElement(38674, attributes={})
# 340 Processing transcript accession: XM_036242425.1 with NCBI Taxon ID: IntegerElement(27622, attributes={})
# 341 Processing transcript accession: XM_036351216.1 with NCBI Taxon ID: IntegerElement(51298, attributes={})
# 342 Processing transcript accession: XM_036388890.2 with NCBI Taxon ID: IntegerElement(84834, attributes={})
# 343 Processing transcript accession: XM_036448692.1 with NCBI Taxon ID: IntegerElement(59472, attributes={})
# 344 Processing transcript accession: XM_036522339.1 with NCBI Taxon ID: IntegerElement(118141, attributes={})
# 345 Processing transcript accession: XM_036570367.1 with NCBI Taxon ID: IntegerElement(42526, attributes={})
# 346 Processing transcript accession: XM_036755366.1 with NCBI Taxon ID: IntegerElement(9337, attributes={})
# 347 Processing transcript accession: XM_036849782.1 with NCBI Taxon ID: IntegerElement(9771, attributes={})
# 348 Processing transcript accession: XM_036875318.2 with NCBI Taxon ID: IntegerElement(143292, attributes={})
# 349 Processing transcript accession: XM_037037637.1 with NCBI Taxon ID: IntegerElement(192404, attributes={})
# 350 Processing transcript accession: XM_037115499.1 with NCBI Taxon ID: IntegerElement(8177, attributes={})
# 351 Processing transcript accession: XM_037131729.2 with NCBI Taxon ID: IntegerElement(9417, attributes={})
# 352 Processing transcript accession: XM_037250622.1 with NCBI Taxon ID: IntegerElement(161584, attributes={})
# 353 Processing transcript accession: XM_037407134.1 with NCBI Taxon ID: IntegerElement(120794, attributes={})
# 354 Processing transcript accession: XM_037469814.1 with NCBI Taxon ID: IntegerElement(134920, attributes={})
# 355 Processing transcript accession: XM_037525268.2 with NCBI Taxon ID: IntegerElement(50954, attributes={})
# 356 Processing transcript accession: XM_037674999.1 with NCBI Taxon ID: IntegerElement(451745, attributes={})
# 357 Processing transcript accession: XM_037770787.1 with NCBI Taxon ID: IntegerElement(72105, attributes={})
# 358 Processing transcript accession: XM_037838516.1 with NCBI Taxon ID: IntegerElement(27675, attributes={})
# 359 Processing transcript accession: XM_038145677.1 with NCBI Taxon ID: IntegerElement(1094192, attributes={})
# 360 Processing transcript accession: XM_038304087.1 with NCBI Taxon ID: IntegerElement(77115, attributes={})
# 361 Processing transcript accession: XM_038345209.2 with NCBI Taxon ID: IntegerElement(1047088, attributes={})
# 362 Processing transcript accession: XM_038416794.2 with NCBI Taxon ID: IntegerElement(27794, attributes={})
# 363 Processing transcript accession: XM_038716679.1 with NCBI Taxon ID: IntegerElement(27706, attributes={})
# Error (main): XM_038749215.1 Invalid uid XM_038749215.1 at position= 0 

# 364 Processing transcript accession: XM_038815678.1 with NCBI Taxon ID: IntegerElement(7830, attributes={})
# 365 Processing transcript accession: XM_039000725.1 with NCBI Taxon ID: IntegerElement(8040, attributes={})
# 366 Processing transcript accession: XM_039234207.1 with NCBI Taxon ID: IntegerElement(95912, attributes={})
# 367 Processing transcript accession: XM_039318485.1 with NCBI Taxon ID: IntegerElement(88082, attributes={})
# 368 Processing transcript accession: XM_039378036.1 with NCBI Taxon ID: IntegerElement(649802, attributes={})
# 369 Processing transcript accession: XM_039488777.1 with NCBI Taxon ID: IntegerElement(260615, attributes={})
# 370 Processing transcript accession: XM_039691472.1 with NCBI Taxon ID: IntegerElement(90988, attributes={})
# 371 Processing transcript accession: XM_039713359.1 with NCBI Taxon ID: IntegerElement(9160, attributes={})
# 372 Processing transcript accession: XM_039765770.1 with NCBI Taxon ID: IntegerElement(55291, attributes={})
# 373 Processing transcript accession: XM_039811640.1 with NCBI Taxon ID: IntegerElement(8168, attributes={})
# 374 Processing transcript accession: XM_039850884.1 with NCBI Taxon ID: IntegerElement(143291, attributes={})
# 375 Processing transcript accession: XM_040040073.1 with NCBI Taxon ID: IntegerElement(43689, attributes={})
# 376 Processing transcript accession: XM_040074327.2 with NCBI Taxon ID: IntegerElement(43150, attributes={})
# 377 Processing transcript accession: XM_040129279.1 with NCBI Taxon ID: IntegerElement(8245, attributes={})
# 378 Processing transcript accession: XM_040183618.1 with NCBI Taxon ID: IntegerElement(481459, attributes={})
# 379 Processing transcript accession: XM_040253023.1 with NCBI Taxon ID: IntegerElement(59534, attributes={})
# 380 Processing transcript accession: XM_040349588.1 with NCBI Taxon ID: IntegerElement(8407, attributes={})
# 381 Processing transcript accession: XM_040428391.1 with NCBI Taxon ID: IntegerElement(8384, attributes={})
# 382 Processing transcript accession: XM_040481069.1 with NCBI Taxon ID: IntegerElement(1608482, attributes={})
# 383 Processing transcript accession: XM_040567745.1 with NCBI Taxon ID: IntegerElement(8869, attributes={})
# 384 Processing transcript accession: XM_040613383.1 with NCBI Taxon ID: IntegerElement(148594, attributes={})
# 385 Processing transcript accession: XM_041003094.1 with NCBI Taxon ID: IntegerElement(130825, attributes={})
# 386 Processing transcript accession: XM_041041034.1 with NCBI Taxon ID: IntegerElement(941984, attributes={})
# 387 Processing transcript accession: XM_041182794.1 with NCBI Taxon ID: IntegerElement(13397, attributes={})
# 388 Processing transcript accession: XM_041405962.1 with NCBI Taxon ID: IntegerElement(356909, attributes={})
# 389 Processing transcript accession: XM_041467891.1 with NCBI Taxon ID: IntegerElement(221976, attributes={})
# 390 Processing transcript accession: XM_041678159.1 with NCBI Taxon ID: IntegerElement(111838, attributes={})
# 391 Processing transcript accession: XM_041731472.1 with NCBI Taxon ID: IntegerElement(494514, attributes={})
# 392 Processing transcript accession: XM_041790435.1 with NCBI Taxon ID: IntegerElement(241271, attributes={})
# 393 Processing transcript accession: XM_041935236.1 with NCBI Taxon ID: IntegerElement(109905, attributes={})
# 394 Processing transcript accession: XM_042006857.1 with NCBI Taxon ID: IntegerElement(1250792, attributes={})
# Error (main): XM_042042139.1 Invalid uid XM_042042139.1 at position= 0 

# 395 Processing transcript accession: XM_042111704.1 with NCBI Taxon ID: IntegerElement(34773, attributes={})
# 396 Processing transcript accession: XM_042417511.1 with NCBI Taxon ID: IntegerElement(8240, attributes={})
# 397 Processing transcript accession: XM_042457139.1 with NCBI Taxon ID: IntegerElement(8520, attributes={})
# 398 Processing transcript accession: XM_042515074.1 with NCBI Taxon ID: IntegerElement(160734, attributes={})
# 399 Processing transcript accession: XM_042667752.1 with NCBI Taxon ID: IntegerElement(105255, attributes={})
# 400 Processing transcript accession: XM_042705578.1 with NCBI Taxon ID: IntegerElement(7950, attributes={})
# 401 Processing transcript accession: XM_042820822.1 with NCBI Taxon ID: IntegerElement(9002, attributes={})
# 402 Processing transcript accession: XM_042878288.1 with NCBI Taxon ID: IntegerElement(30410, attributes={})
# 403 Processing transcript accession: XM_042903826.1 with NCBI Taxon ID: IntegerElement(9689, attributes={})
# 404 Processing transcript accession: XM_043241667.1 with NCBI Taxon ID: IntegerElement(1606681, attributes={})
# 405 Processing transcript accession: XM_043473441.1 with NCBI Taxon ID: IntegerElement(1574408, attributes={})
# 406 Processing transcript accession: XM_043594620.1 with NCBI Taxon ID: IntegerElement(37029, attributes={})
# 407 Processing transcript accession: XM_043873947.1 with NCBI Taxon ID: IntegerElement(9860, attributes={})
# 408 Processing transcript accession: XM_043991526.1 with NCBI Taxon ID: IntegerElement(33562, attributes={})
# 409 Processing transcript accession: XM_044044387.1 with NCBI Taxon ID: IntegerElement(28829, attributes={})
# 410 Processing transcript accession: XM_044070217.1 with NCBI Taxon ID: IntegerElement(7888, attributes={})
# 411 Processing transcript accession: XM_044128810.1 with NCBI Taxon ID: IntegerElement(33528, attributes={})
# 412 Processing transcript accession: XM_044198226.1 with NCBI Taxon ID: IntegerElement(119488, attributes={})
# 413 Processing transcript accession: XM_044251969.1 with NCBI Taxon ID: IntegerElement(452646, attributes={})
# 414 Processing transcript accession: XM_044273165.1 with NCBI Taxon ID: IntegerElement(30331, attributes={})
# 415 Processing transcript accession: XM_044361721.1 with NCBI Taxon ID: IntegerElement(8236, attributes={})
# 416 Processing transcript accession: XM_044456244.1 with NCBI Taxon ID: IntegerElement(61221, attributes={})
# 417 Processing transcript accession: XM_045030121.1 with NCBI Taxon ID: IntegerElement(74926, attributes={})
# 418 Processing transcript accession: XM_045502625.1 with NCBI Taxon ID: IntegerElement(46844, attributes={})
# 419 Processing transcript accession: XM_045539900.1 with NCBI Taxon ID: IntegerElement(9447, attributes={})
# 420 Processing transcript accession: XM_045811243.1 with NCBI Taxon ID: IntegerElement(9643, attributes={})
# 421 Processing transcript accession: XM_045850820.1 with NCBI Taxon ID: IntegerElement(9423, attributes={})
# 422 Processing transcript accession: XM_045903165.2 with NCBI Taxon ID: IntegerElement(9716, attributes={})
# 423 Processing transcript accession: XM_046002133.1 with NCBI Taxon ID: IntegerElement(9662, attributes={})
# 424 Processing transcript accession: XM_046050376.1 with NCBI Taxon ID: IntegerElement(147949, attributes={})
# 425 Processing transcript accession: XM_046299688.1 with NCBI Taxon ID: IntegerElement(8017, attributes={})
# 426 Processing transcript accession: XM_046392362.1 with NCBI Taxon ID: IntegerElement(75038, attributes={})
# 427 Processing transcript accession: XM_046462512.1 with NCBI Taxon ID: IntegerElement(9995, attributes={})
# 428 Processing transcript accession: XM_046659336.1 with NCBI Taxon ID: IntegerElement(89248, attributes={})
# 429 Processing transcript accession: XM_046848385.1 with NCBI Taxon ID: IntegerElement(175797, attributes={})
# 430 Processing transcript accession: XM_047036870.1 with NCBI Taxon ID: IntegerElement(137520, attributes={})
# 431 Processing transcript accession: XM_047098983.1 with NCBI Taxon ID: IntegerElement(61384, attributes={})
# 432 Processing transcript accession: XM_047375583.1 with NCBI Taxon ID: IntegerElement(208333, attributes={})
# 433 Processing transcript accession: XM_047563569.1 with NCBI Taxon ID: IntegerElement(30640, attributes={})
# 434 Processing transcript accession: XM_047586399.1 with NCBI Taxon ID: IntegerElement(48193, attributes={})
# 435 Processing transcript accession: XM_047732607.1 with NCBI Taxon ID: IntegerElement(9657, attributes={})
# 436 Processing transcript accession: XM_047788609.1 with NCBI Taxon ID: IntegerElement(41426, attributes={})
# 437 Processing transcript accession: XM_047875148.1 with NCBI Taxon ID: IntegerElement(61388, attributes={})
# 438 Processing transcript accession: XM_048199717.1 with NCBI Taxon ID: IntegerElement(75352, attributes={})
# 439 Processing transcript accession: XM_048252264.1 with NCBI Taxon ID: IntegerElement(278164, attributes={})
# 440 Processing transcript accession: XM_048314554.1 with NCBI Taxon ID: IntegerElement(134902, attributes={})
# 441 Processing transcript accession: XM_048346972.1 with NCBI Taxon ID: IntegerElement(214514, attributes={})
# 442 Processing transcript accession: XM_048453887.1 with NCBI Taxon ID: IntegerElement(447135, attributes={})
# 443 Processing transcript accession: XM_048506981.1 with NCBI Taxon ID: IntegerElement(933632, attributes={})
# 444 Processing transcript accession: XM_048542781.2 with NCBI Taxon ID: IntegerElement(3053191, attributes={})
# 445 Processing transcript accession: XM_048865495.1 with NCBI Taxon ID: IntegerElement(8467, attributes={})
# 446 Processing transcript accession: XM_048954607.1 with NCBI Taxon ID: IntegerElement(64668, attributes={})
# 447 Processing transcript accession: XM_048976243.1 with NCBI Taxon ID: IntegerElement(42636, attributes={})
# 448 Processing transcript accession: XM_049587020.1 with NCBI Taxon ID: IntegerElement(293821, attributes={})
# 449 Processing transcript accession: XM_049629509.1 with NCBI Taxon ID: IntegerElement(29064, attributes={})
# 450 Processing transcript accession: XM_049722959.1 with NCBI Taxon ID: IntegerElement(161590, attributes={})
# 451 Processing transcript accession: XM_049775702.1 with NCBI Taxon ID: IntegerElement(109475, attributes={})
# 452 Processing transcript accession: XM_049802984.1 with NCBI Taxon ID: IntegerElement(8957, attributes={})
# 453 Processing transcript accession: XM_049894629.1 with NCBI Taxon ID: IntegerElement(99487, attributes={})
# 454 Processing transcript accession: XM_050054764.1 with NCBI Taxon ID: IntegerElement(300413, attributes={})
# 455 Processing transcript accession: XM_050159982.1 with NCBI Taxon ID: IntegerElement(100897, attributes={})
# 456 Processing transcript accession: XM_050308140.1 with NCBI Taxon ID: IntegerElement(478635, attributes={})
# 457 Processing transcript accession: XM_050779283.1 with NCBI Taxon ID: IntegerElement(257877, attributes={})
# 458 Processing transcript accession: XM_050902608.1 with NCBI Taxon ID: IntegerElement(33616, attributes={})
# 459 Processing transcript accession: XM_050964772.1 with NCBI Taxon ID: IntegerElement(286002, attributes={})
# 460 Processing transcript accession: XM_051112285.1 with NCBI Taxon ID: IntegerElement(84645, attributes={})
# 461 Processing transcript accession: XM_051150785.1 with NCBI Taxon ID: IntegerElement(60746, attributes={})
# 462 Processing transcript accession: XM_051191223.1 with NCBI Taxon ID: IntegerElement(109678, attributes={})
# 463 Processing transcript accession: XM_051376820.1 with NCBI Taxon ID: IntegerElement(13489, attributes={})
# 464 Processing transcript accession: XM_051626233.1 with NCBI Taxon ID: IntegerElement(8895, attributes={})
# 465 Processing transcript accession: XM_051782320.1 with NCBI Taxon ID: IntegerElement(415023, attributes={})
# 466 Processing transcript accession: XM_051896324.1 with NCBI Taxon ID: IntegerElement(7959, attributes={})
# 467 Processing transcript accession: XM_051991661.1 with NCBI Taxon ID: IntegerElement(38775, attributes={})
# 468 Processing transcript accession: XM_052073038.1 with NCBI Taxon ID: IntegerElement(109293, attributes={})
# 469 Processing transcript accession: XM_052158026.1 with NCBI Taxon ID: IntegerElement(10129, attributes={})
# 470 Processing transcript accession: XM_052635660.1 with NCBI Taxon ID: IntegerElement(37181, attributes={})
# 471 Processing transcript accession: XM_052685957.1 with NCBI Taxon ID: IntegerElement(109042, attributes={})
# 472 Processing transcript accession: XM_052753863.1 with NCBI Taxon ID: IntegerElement(564181, attributes={})
# 473 Processing transcript accession: XM_052803858.1 with NCBI Taxon ID: IntegerElement(202280, attributes={})
# 474 Processing transcript accession: XM_053306846.1 with NCBI Taxon ID: IntegerElement(884348, attributes={})
# 475 Processing transcript accession: XM_053321982.1 with NCBI Taxon ID: IntegerElement(13676, attributes={})
# 476 Processing transcript accession: XM_053387358.1 with NCBI Taxon ID: IntegerElement(65483, attributes={})
# 477 Processing transcript accession: XM_053429717.1 with NCBI Taxon ID: IntegerElement(8262, attributes={})
# 478 Processing transcript accession: XM_053458529.1 with NCBI Taxon ID: IntegerElement(233779, attributes={})
# 479 Processing transcript accession: XM_053499186.1 with NCBI Taxon ID: IntegerElement(13013, attributes={})
# 480 Processing transcript accession: XM_053564888.1 with NCBI Taxon ID: IntegerElement(9470, attributes={})
# 481 Processing transcript accession: XM_053636661.1 with NCBI Taxon ID: IntegerElement(66913, attributes={})
# 482 Processing transcript accession: XM_053710254.1 with NCBI Taxon ID: IntegerElement(8345, attributes={})
# 483 Processing transcript accession: XM_053852931.1 with NCBI Taxon ID: IntegerElement(270530, attributes={})
# 484 Processing transcript accession: XM_053951484.1 with NCBI Taxon ID: IntegerElement(81927, attributes={})
# 485 Processing transcript accession: XM_053986147.1 with NCBI Taxon ID: IntegerElement(187451, attributes={})
# 486 Processing transcript accession: XM_054040602.1 with NCBI Taxon ID: IntegerElement(2991368, attributes={})
# 487 Processing transcript accession: XM_054205175.1 with NCBI Taxon ID: IntegerElement(75485, attributes={})
# 488 Processing transcript accession: XM_054282450.1 with NCBI Taxon ID: IntegerElement(40204, attributes={})
# 489 Processing transcript accession: XM_054385798.1 with NCBI Taxon ID: IntegerElement(1002788, attributes={})
# 490 Processing transcript accession: XM_054481183.1 with NCBI Taxon ID: IntegerElement(9600, attributes={})
# 491 Processing transcript accession: XM_054585099.1 with NCBI Taxon ID: IntegerElement(1884717, attributes={})
# 492 Processing transcript accession: XM_054602583.1 with NCBI Taxon ID: IntegerElement(229290, attributes={})
# 493 Processing transcript accession: XM_054639394.1 with NCBI Taxon ID: IntegerElement(39638, attributes={})
# 494 Processing transcript accession: XM_054788841.1 with NCBI Taxon ID: IntegerElement(161453, attributes={})
# 495 Processing transcript accession: XM_054835382.1 with NCBI Taxon ID: IntegerElement(9117, attributes={})
# 496 Processing transcript accession: XM_054983645.1 with NCBI Taxon ID: IntegerElement(481883, attributes={})
# 497 Processing transcript accession: XM_055047447.1 with NCBI Taxon ID: IntegerElement(188132, attributes={})
# 498 Processing transcript accession: XM_055213452.1 with NCBI Taxon ID: IntegerElement(75329, attributes={})
# 499 Processing transcript accession: XM_055307710.1 with NCBI Taxon ID: IntegerElement(34880, attributes={})
# 500 Processing transcript accession: XM_055408310.1 with NCBI Taxon ID: IntegerElement(68408, attributes={})
# 501 Processing transcript accession: XM_055568758.1 with NCBI Taxon ID: IntegerElement(3119969, attributes={})
# 502 Processing transcript accession: XM_055625015.1 with NCBI Taxon ID: IntegerElement(48139, attributes={})
# 503 Processing transcript accession: XM_055941137.1 with NCBI Taxon ID: IntegerElement(8038, attributes={})
# 504 Processing transcript accession: XM_056121328.1 with NCBI Taxon ID: IntegerElement(62283, attributes={})
# 505 Processing transcript accession: XM_056246329.1 with NCBI Taxon ID: IntegerElement(3034132, attributes={})
# 506 Processing transcript accession: XM_056276452.1 with NCBI Taxon ID: IntegerElement(2546036, attributes={})
# 507 Processing transcript accession: XM_056358428.1 with NCBI Taxon ID: IntegerElement(345155, attributes={})
# 508 Processing transcript accession: XM_056379452.1 with NCBI Taxon ID: IntegerElement(2871759, attributes={})
# 509 Processing transcript accession: XM_056415031.1 with NCBI Taxon ID: IntegerElement(2059687, attributes={})
# 510 Processing transcript accession: XM_056459925.1 with NCBI Taxon ID: IntegerElement(1142201, attributes={})
# 511 Processing transcript accession: XM_056498280.1 with NCBI Taxon ID: IntegerElement(2939378, attributes={})
# 512 Processing transcript accession: XM_056565461.1 with NCBI Taxon ID: IntegerElement(327740, attributes={})
# 513 Processing transcript accession: XM_056604436.1 with NCBI Taxon ID: IntegerElement(1042646, attributes={})
# 514 Processing transcript accession: XM_056751259.1 with NCBI Taxon ID: IntegerElement(1582913, attributes={})
# 515 Processing transcript accession: XM_056807464.1 with NCBI Taxon ID: IntegerElement(13616, attributes={})
# 516 Processing transcript accession: XM_056849568.1 with NCBI Taxon ID: IntegerElement(460621, attributes={})
# 517 Processing transcript accession: XM_057038435.1 with NCBI Taxon ID: IntegerElement(433684, attributes={})
# 518 Processing transcript accession: XM_057326794.1 with NCBI Taxon ID: IntegerElement(992332, attributes={})
# 519 Processing transcript accession: XM_057376607.1 with NCBI Taxon ID: IntegerElement(175006, attributes={})
# 520 Processing transcript accession: XM_057427437.1 with NCBI Taxon ID: IntegerElement(35540, attributes={})
# 521 Processing transcript accession: XM_057738157.1 with NCBI Taxon ID: IntegerElement(575201, attributes={})
# 522 Processing transcript accession: XM_057764440.1 with NCBI Taxon ID: IntegerElement(269649, attributes={})
# 523 Processing transcript accession: XM_057840455.1 with NCBI Taxon ID: IntegerElement(161448, attributes={})
# 524 Processing transcript accession: XM_058030994.1 with NCBI Taxon ID: IntegerElement(44398, attributes={})
# 525 Processing transcript accession: XM_058073789.1 with NCBI Taxon ID: IntegerElement(161450, attributes={})
# 526 Processing transcript accession: XM_058187891.1 with NCBI Taxon ID: IntegerElement(499056, attributes={})
# 527 Processing transcript accession: XM_058403332.1 with NCBI Taxon ID: IntegerElement(337641, attributes={})
# 528 Processing transcript accession: XM_058556134.1 with NCBI Taxon ID: IntegerElement(77932, attributes={})
# 529 Processing transcript accession: XM_058639134.1 with NCBI Taxon ID: IntegerElement(90069, attributes={})
# 530 Processing transcript accession: XM_058730815.1 with NCBI Taxon ID: IntegerElement(61452, attributes={})
# 531 Processing transcript accession: XM_058779601.1 with NCBI Taxon ID: IntegerElement(369639, attributes={})
# 532 Processing transcript accession: XM_058811834.1 with NCBI Taxon ID: IntegerElement(2857398, attributes={})
# 533 Processing transcript accession: XM_058844538.1 with NCBI Taxon ID: IntegerElement(48891, attributes={})
# 534 Processing transcript accession: XM_059064959.1 with NCBI Taxon ID: IntegerElement(27615, attributes={})
# 535 Processing transcript accession: XM_059163169.1 with NCBI Taxon ID: IntegerElement(9666, attributes={})
# 536 Processing transcript accession: XM_059277119.1 with NCBI Taxon ID: IntegerElement(42410, attributes={})
# 537 Processing transcript accession: XM_059341785.1 with NCBI Taxon ID: IntegerElement(184440, attributes={})
# 538 Processing transcript accession: XM_059391303.1 with NCBI Taxon ID: IntegerElement(77151, attributes={})
# 539 Processing transcript accession: XM_059479432.1 with NCBI Taxon ID: IntegerElement(2857394, attributes={})
# 540 Processing transcript accession: XM_059687342.1 with NCBI Taxon ID: IntegerElement(98922, attributes={})
# 541 Processing transcript accession: XM_059855518.1 with NCBI Taxon ID: IntegerElement(30427, attributes={})
# 542 Processing transcript accession: XM_059920748.1 with NCBI Taxon ID: IntegerElement(2746895, attributes={})
# 543 Processing transcript accession: XM_059991227.1 with NCBI Taxon ID: IntegerElement(79690, attributes={})
# 544 Processing transcript accession: XM_060010954.1 with NCBI Taxon ID: IntegerElement(9728, attributes={})
# 545 Processing transcript accession: XM_060066571.1 with NCBI Taxon ID: IntegerElement(80720, attributes={})
# 546 Processing transcript accession: XM_060099280.1 with NCBI Taxon ID: IntegerElement(48708, attributes={})
# 547 Processing transcript accession: XM_060150261.1 with NCBI Taxon ID: IntegerElement(27610, attributes={})
# Error (main): XM_060242853.1 Invalid uid XM_060242853.1 at position= 0 

# 548 Processing transcript accession: XM_060639507.1 with NCBI Taxon ID: IntegerElement(9690, attributes={})
# 549 Processing transcript accession: XM_060767272.1 with NCBI Taxon ID: IntegerElement(2962859, attributes={})
# 550 Processing transcript accession: XM_060834664.1 with NCBI Taxon ID: IntegerElement(170820, attributes={})
# 551 Processing transcript accession: XM_060867726.1 with NCBI Taxon ID: IntegerElement(175792, attributes={})
# 552 Processing transcript accession: XM_060919809.1 with NCBI Taxon ID: IntegerElement(443677, attributes={})
# 553 Processing transcript accession: XM_061030527.1 with NCBI Taxon ID: IntegerElement(508554, attributes={})
# 554 Processing transcript accession: XM_061078455.1 with NCBI Taxon ID: IntegerElement(27771, attributes={})
# 555 Processing transcript accession: XM_061166802.1 with NCBI Taxon ID: IntegerElement(30532, attributes={})
# 556 Processing transcript accession: XM_061194358.1 with NCBI Taxon ID: IntegerElement(27606, attributes={})
# 557 Processing transcript accession: XM_061240896.1 with NCBI Taxon ID: IntegerElement(82655, attributes={})
# 558 Processing transcript accession: XM_061297092.1 with NCBI Taxon ID: IntegerElement(161592, attributes={})
# 559 Processing transcript accession: XM_061348839.1 with NCBI Taxon ID: IntegerElement(309878, attributes={})
# 560 Processing transcript accession: XM_061413260.1 with NCBI Taxon ID: IntegerElement(9906, attributes={})
# 561 Processing transcript accession: XM_061452184.1 with NCBI Taxon ID: IntegerElement(889875, attributes={})
# 562 Processing transcript accession: XM_061637605.1 with NCBI Taxon ID: IntegerElement(261503, attributes={})
# 563 Processing transcript accession: XM_061683818.1 with NCBI Taxon ID: IntegerElement(693459, attributes={})
# 564 Processing transcript accession: XM_061737589.1 with NCBI Taxon ID: IntegerElement(129043, attributes={})
# 565 Processing transcript accession: XM_061780154.1 with NCBI Taxon ID: IntegerElement(161469, attributes={})
# 566 Processing transcript accession: XM_061825896.1 with NCBI Taxon ID: IntegerElement(300417, attributes={})
# Optimizing clade labels
# Saving Lineages: /athena/melnicklab/users/scratch/agl4001/AOC/results/GnathostomataBCL6/GnathostomataBCL6_Annotated.csv
