Building DAG of jobs...
Using shell: /usr/bin/bash
Provided cores: 16
Rules claiming more threads will be scaled down.
Provided resources: mem_mb=1000, mem_mib=954, disk_mb=1000, disk_mib=954
Select jobs to execute...

[Fri Mar  1 09:10:32 2024]
rule iqtree:
    input: /athena/melnicklab/users/scratch/agl4001/AOC/results/GnathostomataBCL6/GnathostomataBCL6.RD.SA.codons.cln.fa
    output: /athena/melnicklab/users/scratch/agl4001/AOC/results/GnathostomataBCL6/GnathostomataBCL6.RD.SA.codons.cln.fa.treefile
    jobid: 0
    reason: Forced execution
    wildcards: GENE=GnathostomataBCL6
    resources: mem_mb=1000, mem_mib=954, disk_mb=1000, disk_mib=954, tmpdir=/scratchLocal/agl4001_11156316

Checkpoint (/athena/melnicklab/users/scratch/agl4001/AOC/results/GnathostomataBCL6/GnathostomataBCL6.RD.SA.codons.cln.fa.ckp.gz) indicates that a previous run successfully finished
Use `-redo` option if you really want to redo the analysis and overwrite all output files.
Use `--redo-tree` option if you want to restore ModelFinder and only redo tree search.
Use `--undo` option if you want to continue previous run when changing/adding options.
[Fri Mar  1 09:10:32 2024]
Error in rule iqtree:
    jobid: 0
    input: /athena/melnicklab/users/scratch/agl4001/AOC/results/GnathostomataBCL6/GnathostomataBCL6.RD.SA.codons.cln.fa
    output: /athena/melnicklab/users/scratch/agl4001/AOC/results/GnathostomataBCL6/GnathostomataBCL6.RD.SA.codons.cln.fa.treefile
    shell:
        iqtree -s /athena/melnicklab/users/scratch/agl4001/AOC/results/GnathostomataBCL6/GnathostomataBCL6.RD.SA.codons.cln.fa -T AUTO -B 1000
        (one of the commands exited with non-zero exit code; note that snakemake uses bash strict mode!)

Shutting down, this might take some time.
Exiting because a job execution failed. Look above for error message
