Building DAG of jobs...
Using shell: /usr/bin/bash
Provided cores: 16
Rules claiming more threads will be scaled down.
Provided resources: mem_mb=1000, mem_mib=954, disk_mb=1000, disk_mib=954
Select jobs to execute...

[Thu Feb 29 20:53:25 2024]
rule strike_ambigs_msa:
    input: /athena/melnicklab/users/scratch/agl4001/AOC/results/GnathostomataBCL6/GnathostomataBCL6.codons.cln.fa
    output: /athena/melnicklab/users/scratch/agl4001/AOC/results/GnathostomataBCL6/GnathostomataBCL6.SA.codons.cln.fa
    jobid: 3
    reason: Set of input files has changed since last execution; Code has changed since last execution
    wildcards: GENE=GnathostomataBCL6
    resources: mem_mb=1000, mem_mib=954, disk_mb=1000, disk_mib=954, tmpdir=/scratchLocal/agl4001_11156316

[Thu Feb 29 20:53:35 2024]
Finished job 3.
1 of 4 steps (25%) done
Select jobs to execute...

[Thu Feb 29 20:53:35 2024]
rule remove_duplicates_msa:
    input: /athena/melnicklab/users/scratch/agl4001/AOC/results/GnathostomataBCL6/GnathostomataBCL6.SA.codons.cln.fa
    output: /athena/melnicklab/users/scratch/agl4001/AOC/results/GnathostomataBCL6/GnathostomataBCL6.RD.SA.codons.cln.fa
    jobid: 2
    reason: Input files updated by another job: /athena/melnicklab/users/scratch/agl4001/AOC/results/GnathostomataBCL6/GnathostomataBCL6.SA.codons.cln.fa
    wildcards: GENE=GnathostomataBCL6
    resources: mem_mb=1000, mem_mib=954, disk_mb=1000, disk_mib=954, tmpdir=/scratchLocal/agl4001_11156316

[Thu Feb 29 20:53:36 2024]
Finished job 2.
2 of 4 steps (50%) done
Select jobs to execute...

[Thu Feb 29 20:53:36 2024]
rule tn93_cluster:
    input: /athena/melnicklab/users/scratch/agl4001/AOC/results/GnathostomataBCL6/GnathostomataBCL6.RD.SA.codons.cln.fa
    output: /athena/melnicklab/users/scratch/agl4001/AOC/results/GnathostomataBCL6/GnathostomataBCL6.RD.SA.codons.cln.fa.cluster.json
    jobid: 1
    reason: Input files updated by another job: /athena/melnicklab/users/scratch/agl4001/AOC/results/GnathostomataBCL6/GnathostomataBCL6.RD.SA.codons.cln.fa
    wildcards: GENE=GnathostomataBCL6
    resources: mem_mb=1000, mem_mib=954, disk_mb=1000, disk_mib=954, tmpdir=/scratchLocal/agl4001_11156316

Read 547 sequences from input file 
Will perform approximately 149331 pairwise distance calculations
Progress: 
Created 29 clusters
[Thu Feb 29 20:53:36 2024]
Finished job 1.
3 of 4 steps (75%) done
Select jobs to execute...

[Thu Feb 29 20:53:36 2024]
rule cluster_to_fasta:
    input: /athena/melnicklab/users/scratch/agl4001/AOC/results/GnathostomataBCL6/GnathostomataBCL6.RD.SA.codons.cln.fa.cluster.json
    output: /athena/melnicklab/users/scratch/agl4001/AOC/results/GnathostomataBCL6/GnathostomataBCL6.RD.SA.codons.cln.fa.cluster.fasta
    jobid: 0
    reason: Input files updated by another job: /athena/melnicklab/users/scratch/agl4001/AOC/results/GnathostomataBCL6/GnathostomataBCL6.RD.SA.codons.cln.fa.cluster.json
    wildcards: GENE=GnathostomataBCL6
    resources: mem_mb=1000, mem_mib=954, disk_mb=1000, disk_mib=954, tmpdir=/scratchLocal/agl4001_11156316

[Thu Feb 29 20:53:36 2024]
Finished job 0.
4 of 4 steps (100%) done
