IQ-TREE multicore version 2.1.2 COVID-edition for Mac OS X 64-bit built Mar 30 2021
Developed by Bui Quang Minh, James Barbetti, Nguyen Lam Tung,
Olga Chernomor, Heiko Schmidt, Dominik Schrempf, Michael Woodhams.

Host:    MAC316418 (SSE4.2, 32 GB RAM)
Command: iqtree -s /Users/agl4001/Downloads/LIPSA/results/MammalianMGA/MammalianMGA.RD.SA.codons.cln.fa -T AUTO -B 1000
Seed:    289588 (Using SPRNG - Scalable Parallel Random Number Generator)
Time:    Thu May  2 17:38:25 2024
Kernel:  SSE2 - auto-detect threads (10 CPU cores detected)

Reading alignment file /Users/agl4001/Downloads/LIPSA/results/MammalianMGA/MammalianMGA.RD.SA.codons.cln.fa ... Fasta format detected
Alignment most likely contains DNA/RNA sequences
WARNING: 12 sites contain only gaps or ambiguous characters.
Alignment has 208 sequences with 10413 columns, 6619 distinct patterns
5438 parsimony-informative, 891 singleton sites, 4084 constant sites
                                                                                                                                  Gap/Ambiguity  Composition  p-value
   1  NM_001400225_1_Homo_sapiens_MAX_dimerization_protein_MGA_MGA_transcript_variant_3_mRNA                                             10.29%    passed     86.38%
   2  XM_009428857_4_PREDICTED_Pan_troglodytes_MAX_dimerization_protein_MGA_MGA_transcript_variant_X1_mRNA                               10.20%    passed     85.60%
   3  XM_008951999_4_PREDICTED_Pan_paniscus_MAX_dimerization_protein_MGA_MGA_transcript_variant_X3_mRNA                                  10.17%    passed     82.67%
   4  XM_031007795_2_PREDICTED_Gorilla_gorilla_gorilla_MAX_dimerization_protein_MGA_MGA_transcript_variant_X1_mRNA                       10.23%    passed     81.28%
   5  XM_024232346_2_PREDICTED_Pongo_abelii_MAX_dimerization_protein_MGA_MGA_transcript_variant_X1_mRNA                                  10.17%    passed     84.21%
   6  XM_054451786_1_PREDICTED_Pongo_pygmaeus_MAX_dimerization_protein_MGA_MGA_transcript_variant_X1_mRNA                                10.14%    passed     87.11%
   7  XM_030814260_1_PREDICTED_Nomascus_leucogenys_MAX_dimerization_protein_MGA_MGA_transcript_variant_X1_mRNA                           10.17%    passed     90.81%
   8  XM_032175320_2_PREDICTED_Hylobates_moloch_MAX_dimerization_protein_MGA_MGA_transcript_variant_X1_mRNA                              10.17%    passed     91.37%
   9  XM_055278811_1_PREDICTED_Symphalangus_syndactylus_MAX_dimerization_protein_MGA_MGA_transcript_variant_X1_mRNA                      10.17%    passed     91.20%
  10  XM_015141992_2_PREDICTED_Macaca_mulatta_MAX_dimerization_protein_MGA_MGA_transcript_variant_X1_mRNA                                10.08%    passed     89.05%
  11  XM_045397180_1_PREDICTED_Macaca_fascicularis_MAX_dimerization_protein_MGA_MGA_transcript_variant_X1_mRNA                           10.08%    passed     89.44%
  12  XM_011758612_2_PREDICTED_Macaca_nemestrina_MGA_MAX_dimerization_protein_MGA_transcript_variant_X1_mRNA                             10.14%    passed     92.57%
  13  XM_050799312_1_PREDICTED_Macaca_thibetana_thibetana_MAX_dimerization_protein_MGA_MGA_transcript_variant_X1_mRNA                    10.08%    passed     85.57%
  14  XM_012034853_1_PREDICTED_Cercocebus_atys_MGA_MAX_dimerization_protein_MGA_transcript_variant_X1_mRNA                               10.03%    passed     85.09%
  15  XM_021940444_2_PREDICTED_Papio_anubis_MAX_dimerization_protein_MGA_MGA_transcript_variant_X1_mRNA                                   9.74%    passed     77.17%
  16  XM_025390742_1_PREDICTED_Theropithecus_gelada_MGA_MAX_dimerization_protein_MGA_transcript_variant_X1_mRNA                          10.11%    passed     83.96%
  17  XM_011989336_1_PREDICTED_Mandrillus_leucophaeus_MGA_MAX_dimerization_protein_MGA_mRNA                                              17.75%    passed     80.12%
  18  XM_008016968_2_PREDICTED_Chlorocebus_sabaeus_MAX_dimerization_protein_MGA_MGA_transcript_variant_X1_mRNA                           10.14%    passed     83.91%
  19  XM_030921180_1_PREDICTED_Rhinopithecus_roxellana_MAX_dimerization_protein_MGA_MGA_transcript_variant_X1_mRNA                       10.14%    passed     79.47%
  20  XM_017895420_1_PREDICTED_Rhinopithecus_bieti_MGA_MAX_dimerization_protein_MGA_transcript_variant_X1_mRNA                           10.17%    passed     78.99%
  21  XM_033190487_1_PREDICTED_Trachypithecus_francoisi_MAX_dimerization_protein_MGA_MGA_transcript_variant_X1_mRNA                      10.20%    passed     84.11%
  22  XM_023198369_1_PREDICTED_Piliocolobus_tephrosceles_MAX_dimerization_protein_MGA_MGA_transcript_variant_X1_mRNA                     10.20%    passed     77.94%
  23  XM_011961043_1_PREDICTED_Colobus_angolensis_palliatus_MGA_MAX_dimerization_protein_MGA_transcript_variant_X1_mRNA                  10.17%    passed     83.21%
  24  XM_035259730_2_PREDICTED_Callithrix_jacchus_MAX_dimerization_protein_MGA_MGA_transcript_variant_X1_mRNA                            10.23%    passed     57.93%
  25  XM_037739443_1_PREDICTED_Cebus_imitator_MAX_dimerization_protein_MGA_MGA_transcript_variant_X1_mRNA                                12.47%    passed     77.02%
  26  XM_032251206_1_PREDICTED_Sapajus_apella_MAX_dimerization_protein_MGA_MGA_transcript_variant_X1_mRNA                                10.31%    passed     61.22%
  27  XM_021668798_1_PREDICTED_Aotus_nancymaae_MGA_MAX_dimerization_protein_MGA_mRNA                                                     11.73%    passed     19.59%
  28  XM_012649125_1_PREDICTED_Propithecus_coquereli_MGA_MAX_dimerization_protein_MGA_mRNA                                               14.55%    passed     63.77%
  29  XM_012766487_2_PREDICTED_Microcebus_murinus_MGA_MAX_dimerization_protein_MGA_transcript_variant_X1_mRNA                            36.44%    passed     34.83%
  30  XM_045538785_1_PREDICTED_Lemur_catta_MAX_dimerization_protein_MGA_MGA_transcript_variant_X1_mRNA                                   10.26%    passed     96.31%
  31  XM_023514264_1_PREDICTED_Otolemur_garnettii_MGA_MAX_dimerization_protein_MGA_transcript_variant_X1_mRNA                            10.23%    passed     46.51%
  32  XM_053593491_1_PREDICTED_Nycticebus_coucang_MAX_dimerization_protein_MGA_MGA_transcript_variant_X1_mRNA                            10.20%    passed     64.69%
  33  XM_045448080_1_PREDICTED_Leopardus_geoffroyi_MAX_dimerization_protein_MGA_MGA_transcript_variant_X1_mRNA                           10.34%    passed     90.35%
  34  XM_047075265_1_PREDICTED_Lynx_rufus_MAX_dimerization_protein_MGA_MGA_transcript_variant_X1_mRNA                                    10.40%    passed     79.52%
  35  XM_027066980_2_PREDICTED_Acinonyx_jubatus_MAX_dimerization_protein_MGA_MGA_transcript_variant_X1_mRNA                              10.31%    passed     85.83%
  36  XM_025919005_1_PREDICTED_Puma_concolor_MGA_MAX_dimerization_protein_MGA_transcript_variant_X1_mRNA                                 11.73%    passed     94.62%
  37  XM_040492347_1_PREDICTED_Puma_yagouaroundi_MAX_dimerization_protein_MGA_MGA_transcript_variant_X1_mRNA                             10.26%    passed     88.73%
  38  XM_045059500_1_PREDICTED_Felis_catus_MAX_dimerization_protein_MGA_MGA_transcript_variant_X1_mRNA                                   10.31%    passed     77.48%
  39  XM_047864122_1_PREDICTED_Prionailurus_viverrinus_MAX_dimerization_protein_MGA_MGA_transcript_variant_X1_mRNA                       10.34%    passed     84.27%
  40  XM_042989089_1_PREDICTED_Panthera_tigris_MAX_dimerization_protein_MGA_MGA_transcript_variant_X1_mRNA                               10.23%    passed     86.39%
  41  XM_053889168_1_PREDICTED_Panthera_pardus_MAX_dimerization_protein_MGA_MGA_transcript_variant_X1_mRNA                               10.31%    passed     86.91%
  42  XM_060618860_1_PREDICTED_Panthera_onca_MAX_dimerization_protein_MGA_MGA_transcript_variant_X1_mRNA                                 10.34%    passed     87.78%
  43  XM_042942327_1_PREDICTED_Panthera_leo_MAX_dimerization_protein_MGA_MGA_transcript_variant_X1_mRNA                                  10.26%    passed     86.08%
  44  XM_049613406_1_PREDICTED_Panthera_uncia_MAX_dimerization_protein_MGA_MGA_transcript_variant_X1_mRNA                                10.46%    passed     87.98%
  45  XM_058738101_1_PREDICTED_Neofelis_nebulosa_MAX_dimerization_protein_MGA_MGA_transcript_variant_X1_mRNA                             10.34%    passed     82.19%
  46  XM_039232923_1_PREDICTED_Hyaena_hyaena_MAX_dimerization_protein_MGA_MGA_transcript_variant_X1_mRNA                                 10.26%    passed     99.35%
  47  XM_029950293_1_PREDICTED_Suricata_suricatta_MAX_dimerization_protein_MGA_MGA_transcript_variant_X1_mRNA                            10.26%    passed     89.91%
  48  XM_014109419_3_PREDICTED_Canis_lupus_familiaris_MAX_dimerization_protein_MGA_MGA_transcript_variant_X29_mRNA                       10.11%    passed     97.64%
  49  XM_049104410_1_PREDICTED_Canis_lupus_dingo_MAX_dimerization_protein_MGA_MGA_transcript_variant_X1_mRNA                             10.08%    passed     97.29%
  50  XM_025998510_1_PREDICTED_Vulpes_vulpes_MGA_MAX_dimerization_protein_MGA_transcript_variant_X1_mRNA                                 10.34%    passed     97.22%
  51  XM_041743170_1_PREDICTED_Vulpes_lagopus_MAX_dimerization_protein_MGA_MGA_transcript_variant_X1_mRNA                                10.34%    passed     98.36%
  52  XM_055316678_1_PREDICTED_Nyctereutes_procyonoides_MAX_dimerization_protein_MGA_MGA_transcript_variant_X1_mRNA                      10.34%    passed     98.43%
  53  XM_034661108_1_PREDICTED_Ailuropoda_melanoleuca_MAX_dimerization_protein_MGA_MGA_transcript_variant_X1_mRNA                        19.94%    passed     57.74%
  54  XM_008702223_2_PREDICTED_Ursus_maritimus_MAX_dimerization_protein_MGA_MGA_mRNA                                                     11.70%    passed     49.85%
  55  XM_057306240_1_PREDICTED_Ursus_arctos_MAX_dimerization_protein_MGA_MGA_transcript_variant_X1_mRNA                                  10.23%    passed     33.94%
  56  XM_045771165_1_PREDICTED_Ursus_americanus_MAX_dimerization_protein_MGA_MGA_transcript_variant_X1_mRNA                              10.26%    passed     36.72%
  57  XM_004400404_2_PREDICTED_Odobenus_rosmarus_divergens_MGA_MAX_dimerization_protein_MGA_transcript_variant_X1_mRNA                   11.47%    passed     61.69%
  58  XM_025883581_1_PREDICTED_Callorhinus_ursinus_MGA_MAX_dimerization_protein_MGA_transcript_variant_X1_mRNA                           10.05%    passed     64.21%
  59  XM_027569295_2_PREDICTED_Zalophus_californianus_MAX_dimerization_protein_MGA_MGA_transcript_variant_X1_mRNA                        10.03%    passed     52.64%
  60  XM_028094448_1_PREDICTED_Eumetopias_jubatus_MAX_dimerization_protein_MGA_MGA_transcript_variant_X1_mRNA                            10.05%    passed     57.75%
  61  XM_031031564_1_PREDICTED_Leptonychotes_weddellii_MAX_dimerization_protein_MGA_MGA_transcript_variant_X1_mRNA                       10.29%    passed     53.57%
  62  XM_034994279_1_PREDICTED_Mirounga_leonina_MAX_dimerization_protein_MGA_MGA_transcript_variant_X1_mRNA                              10.29%    passed     48.61%
  63  XM_045900298_2_PREDICTED_Mirounga_angustirostris_MAX_dimerization_protein_MGA_MGA_transcript_variant_X1_mRNA                       10.31%    passed     51.95%
  64  XM_032418051_1_PREDICTED_Phoca_vitulina_MAX_dimerization_protein_MGA_MGA_transcript_variant_X1_mRNA                                10.29%    passed     62.99%
  65  XM_036084569_1_PREDICTED_Halichoerus_grypus_MAX_dimerization_protein_MGA_MGA_transcript_variant_X1_mRNA                            10.26%    passed     57.70%
  66  XM_021695610_2_PREDICTED_Neomonachus_schauinslandi_MAX_dimerization_protein_MGA_MGA_mRNA                                           17.75%    passed     44.41%
  67  XM_032856762_1_PREDICTED_Lontra_canadensis_MAX_dimerization_protein_MGA_MGA_transcript_variant_X1_mRNA                             10.23%    passed     48.77%
  68  XM_047736810_1_PREDICTED_Lutra_lutra_MAX_dimerization_protein_MGA_MGA_transcript_variant_X1_mRNA                                   10.23%    passed     45.44%
  69  XM_022520152_1_PREDICTED_Enhydra_lutris_kenyoni_MGA_MAX_dimerization_protein_LOC111158227_transcript_variant_X1_mRNA               10.29%    passed     46.22%
  70  XM_004751155_3_PREDICTED_Mustela_putorius_furo_MAX_dimerization_protein_MGA_MGA_transcript_variant_X3_mRNA                         10.40%    passed     50.22%
  71  XM_059372572_1_PREDICTED_Mustela_nigripes_MAX_dimerization_protein_MGA_MGA_transcript_variant_X1_mRNA                              10.40%    passed     46.37%
  72  XM_059181220_1_PREDICTED_Mustela_lutreola_MAX_dimerization_protein_MGA_MGA_transcript_variant_X1_mRNA                              10.40%    passed     47.20%
  73  XM_032343361_1_PREDICTED_Mustela_erminea_MAX_dimerization_protein_MGA_MGA_transcript_variant_X1_mRNA                               10.20%    passed     48.12%
  74  XM_046007124_1_PREDICTED_Meles_meles_MAX_dimerization_protein_MGA_MGA_transcript_variant_X1_mRNA                                   10.20%    passed     41.54%
  75  XM_023619441_1_PREDICTED_Equus_caballus_MGA_MAX_dimerization_protein_MGA_transcript_variant_X1_mRNA                                10.26%    passed     95.60%
  76  XM_046652484_1_PREDICTED_Equus_quagga_MAX_dimerization_protein_MGA_MGA_transcript_variant_X1_mRNA                                  10.26%    passed     95.35%
  77  XM_014857329_2_PREDICTED_Equus_asinus_MAX_dimerization_protein_MGA_MGA_transcript_variant_X3_mRNA                                  10.26%    passed     95.02%
  78  XM_058541292_1_PREDICTED_Diceros_bicornis_minor_MAX_dimerization_protein_MGA_MGA_transcript_variant_X1_mRNA                        10.23%    passed     82.26%
  79  XM_014780585_1_PREDICTED_Ceratotherium_simum_simum_MGA_MAX_dimerization_protein_LOC101398914_transcript_variant_X1_mRNA            10.26%    passed     85.20%
  80  XM_047766621_1_PREDICTED_Phacochoerus_africanus_MAX_dimerization_protein_MGA_MGA_transcript_variant_X1_mRNA                        10.57%    passed     93.57%
  81  XM_032481441_1_PREDICTED_Camelus_ferus_MAX_dimerization_protein_MGA_MGA_transcript_variant_X1_mRNA                                 10.29%    passed     96.40%
  82  XM_010965333_2_PREDICTED_Camelus_bactrianus_MAX_dimerization_protein_MGA_MGA_transcript_variant_X1_mRNA                            10.80%    passed     98.83%
  83  XM_031453259_1_PREDICTED_Camelus_dromedarius_MAX_dimerization_protein_MGA_MGA_transcript_variant_X1_mRNA                           10.29%    passed     94.69%
  84  XM_015237145_2_PREDICTED_Vicugna_pacos_MAX_dimerization_protein_MGA_MGA_transcript_variant_X1_mRNA                                 10.29%    passed     93.59%
  85  XM_024997618_2_PREDICTED_Bos_taurus_MAX_dimerization_protein_MGA_MGA_transcript_variant_X1_mRNA                                    10.26%    passed     80.26%
  86  XM_019968572_1_PREDICTED_Bos_indicus_MGA_MAX_dimerization_protein_MGA_transcript_variant_X1_mRNA                                   10.31%    passed     82.55%
  87  XM_027553602_1_PREDICTED_Bos_indicus_x_Bos_taurus_MGA_MAX_dimerization_protein_MGA_transcript_variant_X1_mRNA                      10.29%    passed     82.77%
  88  XM_061430833_1_PREDICTED_Bos_javanicus_MAX_dimerization_protein_MGA_MGA_transcript_variant_X1_mRNA                                 10.26%    passed     77.37%
  89  XM_010847993_1_PREDICTED_Bison_bison_bison_MGA_MAX_dimerization_protein_MGA_transcript_variant_X1_mRNA                             10.29%    passed     81.15%
  90  XM_005903968_2_PREDICTED_Bos_mutus_MGA_MAX_dimerization_protein_MGA_transcript_variant_X1_mRNA                                     11.64%    passed     83.56%
  91  XM_044925184_2_PREDICTED_Bubalus_bubalis_MAX_dimerization_protein_MGA_MGA_transcript_variant_X1_mRNA                               10.26%    passed     78.93%
  92  XM_055537439_1_PREDICTED_Bubalus_kerabau_MAX_dimerization_protein_MGA_MGA_transcript_variant_X1_mRNA                               10.26%    passed     80.07%
  93  XM_020877558_1_PREDICTED_Odocoileus_virginianus_texanus_MGA_MAX_dimerization_protein_MGA_transcript_variant_X1_mRNA                66.93%    passed     76.39%
  94  XM_043471534_1_PREDICTED_Cervus_canadensis_MAX_dimerization_protein_MGA_MGA_transcript_variant_X1_mRNA                             10.26%    passed     72.19%
  95  XM_043919152_1_PREDICTED_Cervus_elaphus_MAX_dimerization_protein_MGA_MGA_transcript_variant_X1_mRNA                                10.26%    passed     71.33%
  96  XM_061157493_1_PREDICTED_Dama_dama_MAX_dimerization_protein_MGA_MGA_transcript_variant_X1_mRNA                                      9.19%    passed     63.46%
  97  XM_042253008_1_PREDICTED_Ovis_aries_MAX_dimerization_protein_MGA_MGA_transcript_variant_X3_mRNA                                    10.26%    passed     89.88%
  98  XM_013966994_2_PREDICTED_Capra_hircus_MGA_MAX_dimerization_protein_MGA_transcript_variant_X1_mRNA                                  10.26%    passed     81.67%
  99  XM_052647402_1_PREDICTED_Budorcas_taxicolor_MAX_dimerization_protein_MGA_MGA_mRNA                                                  10.23%    passed     73.70%
 100  XM_040226854_1_PREDICTED_Oryx_dammah_MAX_dimerization_protein_MGA_MGA_transcript_variant_X1_mRNA                                   10.23%    passed     76.38%
 101  XM_055435984_1_PREDICTED_Moschus_berezovskii_MAX_dimerization_protein_MGA_MGA_transcript_variant_X1_mRNA                           10.31%    passed     95.69%
 102  XM_033435716_2_PREDICTED_Orcinus_orca_MAX_dimerization_protein_MGA_MGA_transcript_variant_X1_mRNA                                  10.26%    passed     95.13%
 103  XM_027083977_1_PREDICTED_Lagenorhynchus_obliquidens_MGA_MAX_dimerization_protein_MGA_transcript_variant_X1_mRNA                    10.26%    passed     95.92%
 104  XM_060147921_1_PREDICTED_Lagenorhynchus_albirostris_MAX_dimerization_protein_MGA_MGA_transcript_variant_X2_mRNA                    10.26%    passed     96.36%
 105  XM_019935323_2_PREDICTED_Tursiops_truncatus_MAX_dimerization_protein_MGA_MGA_transcript_variant_X1_mRNA                            10.26%    passed     96.75%
 106  XM_060005039_1_PREDICTED_Delphinus_delphis_MAX_dimerization_protein_MGA_MGA_transcript_variant_X1_mRNA                             10.29%    passed     97.08%
 107  XM_024732347_1_PREDICTED_Neophocaena_asiaeorientalis_asiaeorientalis_MGA_MAX_dimerization_protein_MGA_transcript_variant_X1_mRNA    8.70%    passed     76.77%
 108  XM_032621861_1_PREDICTED_Phocoena_sinus_MAX_dimerization_protein_MGA_MGA_transcript_variant_X1_mRNA                                 8.70%    passed     79.55%
 109  XM_060294439_1_PREDICTED_Globicephala_melas_MAX_dimerization_protein_MGA_MGA_mRNA                                                  10.26%    passed     97.38%
 110  XM_022587391_2_PREDICTED_Delphinapterus_leucas_MAX_dimerization_protein_MGA_MGA_transcript_variant_X2_mRNA                         10.29%    passed     98.31%
 111  XM_029236128_1_PREDICTED_Monodon_monoceros_MAX_dimerization_protein_MGA_MGA_transcript_variant_X1_mRNA                             10.29%    passed     97.95%
 112  XM_007460202_1_PREDICTED_Lipotes_vexillifer_MGA_MAX_dimerization_protein_MGA_mRNA                                                  11.64%    passed     95.56%
 113  XM_061180454_1_PREDICTED_Eubalaena_glacialis_MAX_dimerization_protein_MGA_MGA_transcript_variant_X1_mRNA                           10.29%    passed     94.57%
 114  XM_007180353_3_PREDICTED_Balaenoptera_acutorostrata_MAX_dimerization_protein_MGA_MGA_transcript_variant_X1_mRNA                    10.29%    passed     97.82%
 115  XM_059913540_1_PREDICTED_Balaenoptera_ricei_MAX_dimerization_protein_MGA_MGA_transcript_variant_X1_mRNA                            10.26%    passed     97.66%
 116  XM_036845105_1_PREDICTED_Balaenoptera_musculus_MAX_dimerization_protein_MGA_MGA_transcript_variant_X1_mRNA                         10.31%    passed     98.65%
 117  XM_055088304_1_PREDICTED_Physeter_catodon_MAX_dimerization_protein_MGA_MGA_mRNA                                                    10.20%    passed     96.13%
 118  XM_059057965_1_PREDICTED_Kogia_breviceps_MAX_dimerization_protein_MGA_MGA_transcript_variant_X1_mRNA                               10.23%    passed     97.09%
 119  XM_060096646_1_PREDICTED_Mesoplodon_densirostris_MAX_dimerization_protein_MGA_MGA_transcript_variant_X1_mRNA                       10.26%    passed     91.41%
 120  XM_057721764_1_PREDICTED_Hippopotamus_amphibius_kiboko_MAX_dimerization_protein_MGA_MGA_transcript_variant_X1_mRNA                 10.23%    passed     95.23%
 121  XM_036238241_1_PREDICTED_Rousettus_aegyptiacus_MAX_dimerization_protein_MGA_MGA_transcript_variant_X1_mRNA                         10.34%    passed     98.67%
 122  XM_015595918_2_PREDICTED_Pteropus_alecto_MGA_MAX_dimerization_protein_MGA_transcript_variant_X1_mRNA                               11.24%    passed     96.38%
 123  XM_011354950_2_PREDICTED_Pteropus_vampyrus_MGA_MAX_dimerization_protein_MGA_transcript_variant_X1_mRNA                             10.46%    passed     99.55%
 124  XM_039888424_1_PREDICTED_Pteropus_giganteus_MAX_dimerization_protein_MGA_MGA_transcript_variant_X1_mRNA                            10.46%    passed     98.77%
 125  XM_033107243_1_PREDICTED_Rhinolophus_ferrumequinum_MAX_dimerization_protein_MGA_MGA_transcript_variant_X1_mRNA                     10.66%    passed     12.55%
 126  XM_019644861_1_PREDICTED_Hipposideros_armiger_MGA_MAX_dimerization_protein_MGA_mRNA                                                13.14%    passed     98.72%
 127  XM_008587529_1_PREDICTED_Galeopterus_variegatus_MGA_MAX_dimerization_protein_MGA_mRNA                                              10.52%    passed     91.70%
 128  XM_036923769_2_PREDICTED_Manis_pentadactyla_MAX_dimerization_protein_MGA_MGA_transcript_variant_X1_mRNA                            10.49%    passed     95.74%
 129  XM_017642828_2_PREDICTED_Manis_javanica_MAX_dimerization_protein_MGA_MGA_transcript_variant_X1_mRNA                                10.11%    passed     97.22%
 130  XM_014534809_1_PREDICTED_Myotis_brandtii_MGA_MAX_dimerization_protein_MGA_transcript_variant_X1_mRNA                               10.37%    passed     98.26%
 131  XM_014459459_2_PREDICTED_Myotis_lucifugus_MGA_MAX_dimerization_protein_MGA_transcript_variant_X1_mRNA                              10.40%    passed     97.77%
 132  XM_036298085_1_PREDICTED_Myotis_myotis_MAX_dimerization_protein_MGA_MGA_transcript_variant_X1_mRNA                                 10.29%    passed     96.27%
 133  XM_059704626_1_PREDICTED_Myotis_daubentonii_MAX_dimerization_protein_MGA_MGA_transcript_variant_X1_mRNA                            10.31%    passed     93.63%
 134  XM_006778155_2_PREDICTED_Myotis_davidii_MGA_MAX_dimerization_protein_MGA_mRNA                                                      11.70%    passed     93.89%
 135  XM_054716334_1_PREDICTED_Eptesicus_fuscus_MAX_dimerization_protein_MGA_MGA_mRNA                                                    10.29%    passed     95.61%
 136  XM_016212313_1_PREDICTED_Miniopterus_natalensis_MGA_MAX_dimerization_protein_MGA_transcript_variant_X1_mRNA                        10.31%    passed     83.74%
 137  XM_036244959_1_PREDICTED_Molossus_molossus_MAX_dimerization_protein_MGA_MGA_transcript_variant_X1_mRNA                             10.43%    passed     97.82%
 138  XM_054565559_1_PREDICTED_Pteronotus_mesoamericanus_MAX_dimerization_protein_MGA_MGA_transcript_variant_X1_mRNA                     10.52%    passed     94.81%
 139  XM_045201196_2_PREDICTED_Desmodus_rotundus_MAX_dimerization_protein_MGA_MGA_transcript_variant_X1_mRNA                             10.49%    passed     96.14%
 140  XM_045822087_1_PREDICTED_Phyllostomus_hastatus_MAX_dimerization_protein_MGA_MGA_transcript_variant_X1_mRNA                         10.46%    passed     87.35%
 141  XM_053665708_1_PREDICTED_Artibeus_jamaicensis_MAX_dimerization_protein_MGA_MGA_transcript_variant_X1_mRNA                          10.49%    passed     92.83%
 142  XM_037056006_1_PREDICTED_Sturnira_hondurensis_MAX_dimerization_protein_MGA_MGA_transcript_variant_X1_mRNA                          48.55%    passed     28.12%
 143  XM_027775799_1_PREDICTED_Tupaia_chinensis_MAX_dimerization_protein_MGA_MGA_transcript_variant_X1_mRNA                              10.34%    passed     52.02%
 144  XM_037502264_2_PREDICTED_Talpa_occidentalis_MAX_dimerization_protein_MGA_MGA_transcript_variant_X1_mRNA                            10.34%    passed     66.81%
 145  XM_004687891_2_PREDICTED_Condylura_cristata_MGA_MAX_dimerization_protein_MGA_transcript_variant_X1_mRNA                            12.01%    passed     86.53%
 146  XM_008048426_2_PREDICTED_Carlito_syrichta_MGA_MAX_dimerization_protein_MGA_transcript_variant_X1_mRNA                              11.73%    passed     82.96%
 147  XM_037834248_1_PREDICTED_Choloepus_didactylus_MAX_dimerization_protein_MGA_MGA_transcript_variant_X1_mRNA                          10.20%    passed     92.51%
 148  XM_058293959_1_PREDICTED_Dasypus_novemcinctus_MAX_dimerization_protein_MGA_MGA_transcript_variant_X1_mRNA                          10.31%    passed     94.00%
 149  XM_013359271_3_PREDICTED_Ictidomys_tridecemlineatus_MAX_dimerization_protein_MGA_Mga_transcript_variant_X1_mRNA                    10.34%    passed     21.74%
 150  XM_026390625_1_PREDICTED_Urocitellus_parryii_MGA_MAX_dimerization_protein_Mga_mRNA                                                 10.40%    passed     21.64%
 151  XM_048792894_1_PREDICTED_Marmota_marmota_marmota_MAX_dimerization_protein_MGA_Mga_transcript_variant_X1_mRNA                       10.43%    passed     29.91%
 152  XM_046460760_2_PREDICTED_Marmota_monax_MAX_dimerization_protein_MGA_Mga_transcript_variant_X1_mRNA                                 10.46%    passed     25.01%
 153  XM_027925347_1_PREDICTED_Marmota_flaviventris_MAX_dimerization_protein_MGA_Mga_mRNA                                                10.49%    passed     21.88%
 154  XM_020174234_1_PREDICTED_Castor_canadensis_MGA_MAX_dimerization_protein_Mga_transcript_variant_X1_mRNA                             10.49%    passed     75.20%
 155  XM_021241773_1_PREDICTED_Heterocephalus_glaber_MGA_MAX_dimerization_protein_Mga_transcript_variant_X1_mRNA                         10.60%    passed     66.98%
 156  XM_033764988_1_PREDICTED_Fukomys_damarensis_MAX_dimerization_protein_MGA_Mga_transcript_variant_X1_mRNA                            10.49%    passed     82.21%
 157  XM_023711270_1_PREDICTED_Octodon_degus_MGA_MAX_dimerization_protein_Mga_transcript_variant_X1_mRNA                                 10.63%    passed     21.76%
 158  XM_013512575_1_PREDICTED_Chinchilla_lanigera_MGA_MAX_dimerization_protein_Mga_transcript_variant_X1_mRNA                           10.20%    passed     51.89%
 159  XM_008269141_3_PREDICTED_Oryctolagus_cuniculus_MAX_dimerization_protein_MGA_MGA_transcript_variant_X2_mRNA                         11.18%    passed     67.21%
 160  XM_042783699_1_PREDICTED_Orycteropus_afer_afer_MAX_dimerization_protein_MGA_MGA_mRNA                                               10.34%    passed     95.82%
 161  XM_023558682_1_PREDICTED_Loxodonta_africana_MGA_MAX_dimerization_protein_MGA_transcript_variant_X1_mRNA                            10.23%    failed      0.02%
 162  XM_049899692_1_PREDICTED_Elephas_maximus_indicus_MAX_dimerization_protein_MGA_MGA_transcript_variant_X1_mRNA                       10.26%    failed      0.02%
 163  XM_023735144_1_PREDICTED_Trichechus_manatus_latirostris_MAX_dimerization_protein_MGA_MGA_transcript_variant_X1_mRNA                10.17%    failed      0.03%
 164  XM_006831748_1_PREDICTED_Chrysochloris_asiatica_MGA_MAX_dimerization_protein_MGA_transcript_variant_X1_mRNA                        11.58%    passed     44.79%
 165  XM_060175016_1_PREDICTED_Erinaceus_europaeus_MAX_dimerization_protein_MGA_MGA_transcript_variant_X1_mRNA                           11.29%    passed     15.55%
 166  XM_055130552_1_PREDICTED_Sorex_araneus_MAX_dimerization_protein_MGA_MGA_transcript_variant_X1_mRNA                                 10.69%    passed     72.85%
 167  XM_056134472_1_PREDICTED_Sorex_fumeus_MAX_dimerization_protein_MGA_MGA_transcript_variant_X2_mRNA                                  10.57%    passed     82.91%
 168  XM_049782134_1_PREDICTED_Suncus_etruscus_MAX_dimerization_protein_MGA_MGA_mRNA                                                     10.98%    passed     10.02%
 169  XM_042687869_1_PREDICTED_Dipodomys_spectabilis_MAX_dimerization_protein_MGA_Mga_transcript_variant_X1_mRNA                         10.83%    passed     98.39%
 170  XM_013010103_1_PREDICTED_Dipodomys_ordii_MGA_MAX_dimerization_protein_Mga_transcript_variant_X1_mRNA                               12.30%    passed     79.83%
 171  XM_048332357_1_PREDICTED_Perognathus_longimembris_pacificus_MAX_dimerization_protein_MGA_Mga_transcript_variant_X1_mRNA            10.77%    passed     88.91%
 172  XM_045288208_1_PREDICTED_Echinops_telfairi_MAX_dimerization_protein_MGA_MGA_transcript_variant_X1_mRNA                             10.86%    passed     69.37%
 173  XM_058666021_1_PREDICTED_Ochotona_princeps_MAX_dimerization_protein_MGA_MGA_transcript_variant_X1_mRNA                              9.56%    passed     59.82%
 174  NM_013720_2_Mus_musculus_MAX_gene_associated_Mga_transcript_variant_1_mRNA                                                         12.36%    passed     64.54%
 175  XM_029470392_1_PREDICTED_Mus_caroli_MAX_dimerization_protein_MGA_Mga_transcript_variant_X1_mRNA                                    10.92%    passed     96.41%
 176  XM_029535789_1_PREDICTED_Mus_pahari_MAX_dimerization_protein_MGA_Mga_transcript_variant_X1_mRNA                                    10.92%    passed     64.37%
 177  XM_028766891_1_PREDICTED_Grammomys_surdaster_MAX_dimerization_protein_MGA_Mga_transcript_variant_X1_mRNA                           10.77%    passed     41.35%
 178  XM_034494110_1_PREDICTED_Arvicanthis_niloticus_MAX_dimerization_protein_MGA_Mga_mRNA                                               10.89%    passed     64.17%
 179  XM_052183290_1_PREDICTED_Apodemus_sylvaticus_MAX_dimerization_protein_MGA_Mga_transcript_variant_X1_mRNA                           10.86%    passed     68.51%
 180  XM_031371543_1_PREDICTED_Mastomys_coucha_MAX_dimerization_protein_MGA_Mga_transcript_variant_X1_mRNA                               10.98%    passed     44.68%
 181  XM_006234797_4_PREDICTED_Rattus_norvegicus_MAX_dimerization_protein_MGA_Mga_transcript_variant_X1_mRNA                             10.89%    passed     83.67%
 182  XM_060371617_1_PREDICTED_Meriones_unguiculatus_MAX_dimerization_protein_MGA_Mga_transcript_variant_X1_mRNA                         11.09%    passed     93.45%
 183  XM_055593063_1_PREDICTED_Psammomys_obesus_MAX_dimerization_protein_MGA_Mga_transcript_variant_X1_mRNA                              11.12%    passed     91.93%
 184  XM_051144421_1_PREDICTED_Acomys_russatus_MAX_dimerization_protein_MGA_Mga_transcript_variant_X7_mRNA                               10.23%    passed     95.49%
 185  XM_036183512_1_PREDICTED_Onychomys_torridus_MAX_dimerization_protein_MGA_Mga_transcript_variant_X1_mRNA                            11.18%    passed     79.83%
 186  XM_016009510_2_PREDICTED_Peromyscus_maniculatus_bairdii_MAX_dimerization_protein_MGA_Mga_transcript_variant_X1_mRNA                11.32%    passed     91.45%
 187  XM_037205127_1_PREDICTED_Peromyscus_leucopus_MAX_dimerization_protein_MGA_Mga_transcript_variant_X1_mRNA                           11.26%    passed     92.50%
 188  XM_052722687_1_PREDICTED_Peromyscus_californicus_insignis_MAX_dimerization_protein_MGA_Mga_transcript_variant_X1_mRNA              11.24%    passed     82.33%
 189  XM_059261175_1_PREDICTED_Peromyscus_eremicus_MAX_dimerization_protein_MGA_Mga_transcript_variant_X1_mRNA                           11.38%    passed     93.06%
 190  XM_041678821_1_PREDICTED_Microtus_oregoni_MAX_dimerization_protein_MGA_Mga_transcript_variant_X1_mRNA                              11.18%    passed     34.31%
 191  XM_013352635_2_PREDICTED_Microtus_ochrogaster_MGA_MAX_dimerization_protein_Mga_transcript_variant_X6_mRNA                          11.06%    passed     18.77%
 192  XM_050132382_1_PREDICTED_Microtus_fortis_MAX_dimerization_protein_MGA_Mga_transcript_variant_X1_mRNA                               10.95%    passed     22.67%
 193  XM_057780153_1_PREDICTED_Chionomys_nivalis_MAX_dimerization_protein_MGA_Mga_transcript_variant_X1_mRNA                             10.95%    passed     34.41%
 194  XM_038329616_2_PREDICTED_Arvicola_amphibius_MAX_dimerization_protein_MGA_Mga_transcript_variant_X1_mRNA                            10.92%    passed     13.23%
 195  XM_048459928_1_PREDICTED_Myodes_glareolus_MAX_dimerization_protein_MGA_Mga_transcript_variant_X1_mRNA                              10.95%    passed     17.56%
 196  XM_027422139_2_PREDICTED_Cricetulus_griseus_MAX_dimerization_protein_MGA_Mga_transcript_variant_X7_mRNA                            11.26%    passed     36.64%
 197  XM_040746071_1_PREDICTED_Mesocricetus_auratus_MAX_dimerization_protein_MGA_Mga_transcript_variant_X1_mRNA                          11.18%    passed     93.00%
 198  XM_051183652_1_PREDICTED_Phodopus_roborovskii_MAX_dimerization_protein_MGA_Mga_transcript_variant_X1_mRNA                          11.41%    passed     40.29%
 199  XM_029570270_1_PREDICTED_Nannospalax_galili_MAX_dimerization_protein_MGA_Mga_transcript_variant_X1_mRNA                            10.34%    passed      9.41%
 200  XM_045157275_1_PREDICTED_Jaculus_jaculus_MAX_dimerization_protein_MGA_Mga_transcript_variant_X1_mRNA                               10.86%    passed     26.04%
 201  XM_006882989_1_PREDICTED_Elephantulus_edwardii_MGA_MAX_dimerization_protein_MGA_transcript_variant_X1_mRNA                         12.22%    passed      9.65%
 202  XM_056810297_1_PREDICTED_Monodelphis_domestica_MAX_dimerization_protein_MGA_MGA_transcript_variant_X1_mRNA                          9.77%    failed      3.24%
 203  XM_044665114_1_PREDICTED_Gracilinanus_agilis_MAX_dimerization_protein_MGA_MGA_transcript_variant_X1_mRNA                           11.58%    failed      1.53%
 204  XM_036734255_1_PREDICTED_Trichosurus_vulpecula_MAX_dimerization_protein_MGA_MGA_transcript_variant_X1_mRNA                          9.54%    failed      2.56%
 205  XM_027869890_1_PREDICTED_Vombatus_ursinus_MAX_dimerization_protein_MGA_MGA_transcript_variant_X1_mRNA                               9.56%    passed      8.82%
 206  XM_043983355_1_PREDICTED_Dromiciops_gliroides_MAX_dimerization_protein_MGA_MGA_transcript_variant_X1_mRNA                           9.56%    passed     35.50%
 207  XM_031952125_1_PREDICTED_Sarcophilus_harrisii_MAX_dimerization_protein_MGA_MGA_transcript_variant_X1_mRNA                           9.85%    failed      4.75%
 208  XM_051977123_1_PREDICTED_Antechinus_flavipes_MAX_dimerization_protein_MGA_MGA_transcript_variant_X1_mRNA                            9.77%    failed      1.97%
WARNING: 1 sequences contain more than 50% gaps/ambiguity
****  TOTAL                                                                                                                              11.21%  8 sequences failed composition chi2 test (p-value<5%; df=3)


Create initial parsimony tree by phylogenetic likelihood library (PLL)... 0.117 seconds
Measuring multi-threading efficiency up to 10 CPU cores
Increase to 10 rounds for branch lengths
5 trees examined
Threads: 1 / Time: 10.772 sec / Speedup: 1.000 / Efficiency: 100% / LogL: -455142
Threads: 2 / Time: 5.609 sec / Speedup: 1.921 / Efficiency: 96% / LogL: -455142
Threads: 3 / Time: 4.355 sec / Speedup: 2.473 / Efficiency: 82% / LogL: -455142
Threads: 4 / Time: 3.566 sec / Speedup: 3.021 / Efficiency: 76% / LogL: -455142
Threads: 5 / Time: 3.063 sec / Speedup: 3.517 / Efficiency: 70% / LogL: -455142
Threads: 6 / Time: 2.837 sec / Speedup: 3.797 / Efficiency: 63% / LogL: -455142
Threads: 7 / Time: 4.863 sec / Speedup: 2.215 / Efficiency: 32% / LogL: -455142
BEST NUMBER OF THREADS: 6

Perform fast likelihood tree search using GTR+I+G model...
Estimate model parameters (epsilon = 5.000)
Perform nearest neighbor interchange...
Estimate model parameters (epsilon = 1.000)
1. Initial log-likelihood: -187070.445
2. Current log-likelihood: -187067.676
3. Current log-likelihood: -187066.585
Optimal log-likelihood: -187065.677
Rate parameters:  A-C: 1.18144  A-G: 5.74727  A-T: 0.93013  C-G: 1.00848  C-T: 5.20304  G-T: 1.00000
Base frequencies:  A: 0.305  C: 0.217  G: 0.228  T: 0.249
Proportion of invariable sites: 0.259
Gamma shape alpha: 1.283
Parameters optimization took 3 rounds (1.057 sec)
Time for fast ML tree search: 5.498 seconds

NOTE: ModelFinder requires 472 MB RAM!
ModelFinder will test up to 286 DNA models (sample size: 10413) ...
 No. Model         -LnL         df  AIC          AICc         BIC
  1  GTR+F         198839.892   421 398521.784   398557.348   401574.375
  2  GTR+F+I       190602.645   422 382049.290   382085.027   385109.132
  3  GTR+F+G4      187372.224   422 375588.449   375624.186   378648.291
  4  GTR+F+I+G4    187065.012   423 374976.025   375011.935   378043.118
  5  GTR+F+R2      188340.348   423 377526.696   377562.606   380593.789
  6  GTR+F+R3      187082.216   425 375014.432   375050.689   378096.027
  7  GTR+F+R4      186910.144   427 374674.288   374710.894   377770.384
  8  GTR+F+R5      186909.905   429 374677.809   374714.766   377788.407
 20  SYM+R4        187248.280   424 375344.560   375380.643   378418.904
 33  TVM+F+R4      186919.430   426 374690.861   374727.292   377779.706
 46  TVMe+R4       187346.644   423 375539.287   375575.197   378606.380
 59  TIM3+F+R4     186922.778   425 374695.556   374731.813   377777.151
 72  TIM3e+R4      187333.723   422 375511.447   375547.184   378571.289
 85  TIM2+F+R4     186940.677   425 374731.355   374767.612   377812.949
 98  TIM2e+R4      187260.048   422 375364.096   375399.833   378423.938
111  TIM+F+R4      186925.850   425 374701.699   374737.957   377783.294
124  TIMe+R4       187323.480   422 375490.961   375526.698   378550.803
137  TPM3u+F+R4    186932.958   424 374713.915   374749.998   377788.259
150  TPM3+F+R4     186932.958   424 374713.915   374749.999   377788.259
163  TPM2u+F+R4    186950.869   424 374749.738   374785.821   377824.081
176  TPM2+F+R4     186950.869   424 374749.738   374785.821   377824.082
189  K3Pu+F+R4     186936.248   424 374720.497   374756.580   377794.840
202  K3P+R4        187419.372   421 375680.744   375716.309   378733.335
215  TN+F+R4       186941.953   424 374731.906   374767.989   377806.249
228  TNe+R4        187334.177   421 375510.353   375545.918   378562.945
241  HKY+F+R4      186952.088   423 374750.175   374786.085   377817.268
254  K2P+R4        187430.193   420 375700.386   375735.778   378745.726
267  F81+F+R4      196851.054   422 394546.109   394581.845   397605.950
280  JC+R4         197307.960   419 395453.921   395489.141   398492.010
Akaike Information Criterion:           GTR+F+R4
Corrected Akaike Information Criterion: GTR+F+R4
Bayesian Information Criterion:         GTR+F+R4
Best-fit model: GTR+F+R4 chosen according to BIC

All model information printed to /Users/agl4001/Downloads/LIPSA/results/MammalianMGA/MammalianMGA.RD.SA.codons.cln.fa.model.gz
CPU time for ModelFinder: 3355.996 seconds (0h:55m:55s)
Wall-clock time for ModelFinder: 612.353 seconds (0h:10m:12s)
Generating 1000 samples for ultrafast bootstrap (seed: 289588)...

NOTE: 203 MB RAM (0 GB) is required!
Estimate model parameters (epsilon = 0.100)
1. Initial log-likelihood: -186910.144
2. Current log-likelihood: -186910.030
3. Current log-likelihood: -186909.918
4. Current log-likelihood: -186909.809
5. Current log-likelihood: -186909.706
Optimal log-likelihood: -186909.561
Rate parameters:  A-C: 1.17872  A-G: 5.70644  A-T: 0.92377  C-G: 1.00912  C-T: 5.23715  G-T: 1.00000
Base frequencies:  A: 0.305  C: 0.217  G: 0.228  T: 0.249
Site proportion and rates:  (0.429,0.073) (0.332,0.953) (0.218,2.462) (0.021,5.464)
Parameters optimization took 5 rounds (7.533 sec)
Computing ML distances based on estimated model parameters...
Computing ML distances took 0.109297 sec (of wall-clock time) 0.637004 sec(of CPU time)
Computing RapidNJ tree took 0.010927 sec (of wall-clock time) 0.068809 sec (of CPU time)
Log-likelihood of RapidNJ tree: -187432.437
--------------------------------------------------------------------
|             INITIALIZING CANDIDATE TREE SET                      |
--------------------------------------------------------------------
Generating 98 parsimony trees... 9.269 second
Computing log-likelihood of 98 initial trees ... 11.789 seconds
Current best score: -186909.561

Do NNI search on 20 best initial trees
Estimate model parameters (epsilon = 0.100)
BETTER TREE FOUND at iteration 1: -186909.409
Estimate model parameters (epsilon = 0.100)
BETTER TREE FOUND at iteration 2: -186891.378
Iteration 10 / LogL: -186908.876 / Time: 0h:0m:53s
Iteration 20 / LogL: -186908.890 / Time: 0h:1m:15s
Finish initializing candidate tree set (3)
Current best tree score: -186891.378 / CPU time: 66.263
Number of iterations: 20
--------------------------------------------------------------------
|               OPTIMIZING CANDIDATE TREE SET                      |
--------------------------------------------------------------------
Iteration 30 / LogL: -186892.004 / Time: 0h:1m:40s (0h:4m:10s left)
Estimate model parameters (epsilon = 0.100)
UPDATE BEST LOG-LIKELIHOOD: -186891.223
Iteration 40 / LogL: -186891.416 / Time: 0h:2m:10s (0h:3m:27s left)
Iteration 50 / LogL: -186891.421 / Time: 0h:2m:36s (0h:2m:46s left)
Log-likelihood cutoff on original alignment: -186934.622
UPDATE BEST LOG-LIKELIHOOD: -186891.215
Estimate model parameters (epsilon = 0.100)
UPDATE BEST LOG-LIKELIHOOD: -186891.089
UPDATE BEST LOG-LIKELIHOOD: -186891.089
Estimate model parameters (epsilon = 0.100)
UPDATE BEST LOG-LIKELIHOOD: -186890.956
Iteration 60 / LogL: -186890.956 / Time: 0h:3m:8s (0h:2m:14s left)
Iteration 70 / LogL: -186890.977 / Time: 0h:3m:35s (0h:1m:39s left)
Iteration 80 / LogL: -186892.394 / Time: 0h:4m:2s (0h:1m:7s left)
UPDATE BEST LOG-LIKELIHOOD: -186890.952
Iteration 90 / LogL: -186891.135 / Time: 0h:4m:29s (0h:0m:36s left)
Iteration 100 / LogL: -186908.771 / Time: 0h:4m:57s (0h:0m:6s left)
Log-likelihood cutoff on original alignment: -186935.181
NOTE: Bootstrap correlation coefficient of split occurrence frequencies: 1.000
TREE SEARCH COMPLETED AFTER 103 ITERATIONS / Time: 0h:5m:5s

--------------------------------------------------------------------
|                    FINALIZING TREE SEARCH                        |
--------------------------------------------------------------------
Performs final model parameters optimization
Estimate model parameters (epsilon = 0.010)
1. Initial log-likelihood: -186890.952
2. Current log-likelihood: -186890.872
3. Current log-likelihood: -186890.762
4. Current log-likelihood: -186890.649
5. Current log-likelihood: -186890.551
6. Current log-likelihood: -186890.456
7. Current log-likelihood: -186890.359
8. Current log-likelihood: -186890.277
9. Current log-likelihood: -186890.222
10. Current log-likelihood: -186890.170
11. Current log-likelihood: -186890.119
12. Current log-likelihood: -186890.068
13. Current log-likelihood: -186890.021
14. Current log-likelihood: -186889.975
15. Current log-likelihood: -186889.930
16. Current log-likelihood: -186889.887
17. Current log-likelihood: -186889.846
18. Current log-likelihood: -186889.806
19. Current log-likelihood: -186889.767
20. Current log-likelihood: -186889.728
21. Current log-likelihood: -186889.692
22. Current log-likelihood: -186889.656
23. Current log-likelihood: -186889.621
24. Current log-likelihood: -186889.587
25. Current log-likelihood: -186889.562
26. Current log-likelihood: -186889.528
27. Current log-likelihood: -186889.505
28. Current log-likelihood: -186889.472
29. Current log-likelihood: -186889.454
30. Current log-likelihood: -186889.422
31. Current log-likelihood: -186889.400
32. Current log-likelihood: -186889.370
33. Current log-likelihood: -186889.354
34. Current log-likelihood: -186889.324
35. Current log-likelihood: -186889.304
36. Current log-likelihood: -186889.292
37. Current log-likelihood: -186889.273
38. Current log-likelihood: -186889.254
39. Current log-likelihood: -186889.239
40. Current log-likelihood: -186889.211
41. Current log-likelihood: -186889.198
42. Current log-likelihood: -186889.183
43. Current log-likelihood: -186889.173
44. Current log-likelihood: -186889.156
45. Current log-likelihood: -186889.143
46. Current log-likelihood: -186889.129
47. Current log-likelihood: -186889.117
48. Current log-likelihood: -186889.104
49. Current log-likelihood: -186889.091
Optimal log-likelihood: -186889.077
Rate parameters:  A-C: 1.17950  A-G: 5.71566  A-T: 0.92367  C-G: 1.00960  C-T: 5.23691  G-T: 1.00000
Base frequencies:  A: 0.305  C: 0.217  G: 0.228  T: 0.249
Site proportion and rates:  (0.422,0.066) (0.332,0.926) (0.224,2.426) (0.023,5.389)
Parameters optimization took 49 rounds (66.074 sec)
BEST SCORE FOUND : -186889.077
Creating bootstrap support values...
Split supports printed to NEXUS file /Users/agl4001/Downloads/LIPSA/results/MammalianMGA/MammalianMGA.RD.SA.codons.cln.fa.splits.nex
Total tree length: 3.988

Total number of iterations: 103
CPU time used for tree search: 1520.585 sec (0h:25m:20s)
Wall-clock time used for tree search: 297.139 sec (0h:4m:57s)
Total CPU time used: 1940.182 sec (0h:32m:20s)
Total wall-clock time used: 372.454 sec (0h:6m:12s)

Computing bootstrap consensus tree...
Reading input file /Users/agl4001/Downloads/LIPSA/results/MammalianMGA/MammalianMGA.RD.SA.codons.cln.fa.splits.nex...
208 taxa and 521 splits.
Consensus tree written to /Users/agl4001/Downloads/LIPSA/results/MammalianMGA/MammalianMGA.RD.SA.codons.cln.fa.contree
Reading input trees file /Users/agl4001/Downloads/LIPSA/results/MammalianMGA/MammalianMGA.RD.SA.codons.cln.fa.contree
Log-likelihood of consensus tree: -186889.138

Analysis results written to: 
  IQ-TREE report:                /Users/agl4001/Downloads/LIPSA/results/MammalianMGA/MammalianMGA.RD.SA.codons.cln.fa.iqtree
  Maximum-likelihood tree:       /Users/agl4001/Downloads/LIPSA/results/MammalianMGA/MammalianMGA.RD.SA.codons.cln.fa.treefile
  Likelihood distances:          /Users/agl4001/Downloads/LIPSA/results/MammalianMGA/MammalianMGA.RD.SA.codons.cln.fa.mldist

Ultrafast bootstrap approximation results written to:
  Split support values:          /Users/agl4001/Downloads/LIPSA/results/MammalianMGA/MammalianMGA.RD.SA.codons.cln.fa.splits.nex
  Consensus tree:                /Users/agl4001/Downloads/LIPSA/results/MammalianMGA/MammalianMGA.RD.SA.codons.cln.fa.contree
  Screen log file:               /Users/agl4001/Downloads/LIPSA/results/MammalianMGA/MammalianMGA.RD.SA.codons.cln.fa.log

Date and Time: Thu May  2 17:54:51 2024
